10142021-8478
5_0	C1	99.301	572	3	1	1922	2492	1	572	0.0	1033
5_0	C1	99.301	572	3	1	1922	2492	1	572	0.0	1033
5_0	C1	99.301	572	3	1	1922	2492	1	572	0.0	1033
5_0	C1	99.301	572	3	1	1922	2492	1	572	0.0	1033
C2021-6-4
C2021-6-1
C2021-6-13
C2021-6-16
C2021-6-28
C2021-6-17
7-HB
5_0_REV	C1	99.301	572	3	1	1792	2362	1	572	0.0	1033
5_0_REV	C1	99.301	572	3	1	1792	2362	1	572	0.0	1033
5_0_REV	C1	99.301	572	3	1	1792	2362	1	572	0.0	1033
5_0_REV	C1	99.301	572	3	1	1792	2362	1	572	0.0	1033
25-HB
2_0	A1e	99.757	411	1	0	1	411	228	638	0.0	754
2_0	A1e	99.757	411	1	0	1	411	228	638	0.0	754
2_0	A1e	99.757	411	1	0	1	411	228	638	0.0	754
2_0	A1e	99.757	411	1	0	1	411	228	638	0.0	754
41-HB
1_2_REV	A1e	99.735	377	1	0	1	377	262	638	0.0	691
1_2_REV	A1e	99.735	377	1	0	1	377	262	638	0.0	691
1_2_REV	A1e	99.735	377	1	0	1	377	262	638	0.0	691
1_2_REV	A1e	99.735	377	1	0	1	377	262	638	0.0	691
M0230-1-7062022-6162
5_0_REV	C1	99.301	572	3	1	1914	2484	1	572	0.0	1033
5_0_REV	C1	99.301	572	3	1	1914	2484	1	572	0.0	1033
5_0_REV	C1	99.301	572	3	1	1914	2484	1	572	0.0	1033
5_0_REV	C1	99.301	572	3	1	1914	2484	1	572	0.0	1033
15-HB
1_3_REV	A1e	99.735	377	1	0	1	377	262	638	0.0	691
1_3_REV	A1e	99.735	377	1	0	1	377	262	638	0.0	691
1_3_REV	A1e	99.735	377	1	0	1	377	262	638	0.0	691
1_2_REV	A1e	99.735	377	1	0	1	377	262	638	0.0	691
4-HB
1_3_REV	A1e	99.735	377	1	0	1	377	262	638	0.0	691
1_3_REV	A1e	99.735	377	1	0	1	377	262	638	0.0	691
1_3_REV	A1e	99.735	377	1	0	1	377	262	638	0.0	691
1_3_REV	A1e	99.735	377	1	0	1	377	262	638	0.0	691
20-HB
1_3_REV	A1e	99.735	377	1	0	1	377	262	638	0.0	691
1_3_REV	A1e	99.735	377	1	0	1	377	262	638	0.0	691
1_3_REV	A1e	99.735	377	1	0	1	377	262	638	0.0	691
1_3_REV	A1e	99.735	377	1	0	1	377	262	638	0.0	691
1_3_REV	A1e	99.735	377	1	0	1	377	262	638	0.0	691
1_3_REV	A1e	99.735	377	1	0	1	377	262	638	0.0	691
1_3_REV	A1e	99.735	377	1	0	1	377	262	638	0.0	691
1_3_REV	A1e	99.735	377	1	0	1	377	262	638	0.0	691
17-HB
5_0	C1	99.301	572	3	1	1947	2517	1	572	0.0	1033
5_0	C1	99.301	572	3	1	1947	2517	1	572	0.0	1033
5_0	C1	99.301	572	3	1	1947	2517	1	572	0.0	1033
5_0	C1	99.301	572	3	1	1947	2517	1	572	0.0	1033
5_0	C1	99.301	572	3	1	1947	2517	1	572	0.0	1033
5_0	C1	99.301	572	3	1	1947	2517	1	572	0.0	1033
5_0	C1	99.301	572	3	1	1947	2517	1	572	0.0	1033
5_0	C1	99.301	572	3	1	1947	2517	1	572	0.0	1033
5_0	C1	99.301	572	3	1	1947	2517	1	572	0.0	1033
5_0	C1	99.301	572	3	1	1947	2517	1	572	0.0	1033
5_0	C1	99.301	572	3	1	1947	2517	1	572	0.0	1033
5_0	C1	99.301	572	3	1	1947	2517	1	572	0.0	1033
19-HB
5_0	C1	100.000	572	0	0	2007	2578	1	572	0.0	1057
5_0	C1	100.000	572	0	0	2007	2578	1	572	0.0	1057
5_0	C1	100.000	572	0	0	2007	2578	1	572	0.0	1057
5_0	C1	100.000	572	0	0	2007	2578	1	572	0.0	1057
22-HB
5_0	A1e	100.000	388	0	0	1	388	251	638	0.0	717
5_0	A1e	100.000	388	0	0	1	388	251	638	0.0	717
5_0	A1e	100.000	388	0	0	1	388	251	638	0.0	717
5_0	A1e	100.000	388	0	0	1	388	251	638	0.0	717
43-HB
5_0_REV	C1	99.301	572	3	1	2160	2730	1	572	0.0	1033
5_0_REV	C1	99.301	572	3	1	2160	2730	1	572	0.0	1033
5_0_REV	C1	99.301	572	3	1	2160	2730	1	572	0.0	1033
5_0_REV	C1	99.301	572	3	1	2160	2730	1	572	0.0	1033
12-HB
5_3	C1	100.000	572	0	0	2081	2652	1	572	0.0	1057
5_3	C1	100.000	572	0	0	2081	2652	1	572	0.0	1057
5_3	C1	100.000	572	0	0	2081	2652	1	572	0.0	1057
5_3	C1	100.000	572	0	0	2081	2652	1	572	0.0	1057
36-HB
5_1	C1	100.000	572	0	0	1935	2506	1	572	0.0	1057
5_1	C1	100.000	572	0	0	1935	2506	1	572	0.0	1057
5_1	C1	100.000	572	0	0	1935	2506	1	572	0.0	1057
5_1	C1	100.000	572	0	0	1935	2506	1	572	0.0	1057
16-HB
5_0_REV	C1	100.000	572	0	0	2073	2644	1	572	0.0	1057
5_0_REV	C1	100.000	572	0	0	2073	2644	1	572	0.0	1057
5_0_REV	C1	100.000	572	0	0	2073	2644	1	572	0.0	1057
5_0_REV	C1	100.000	572	0	0	2073	2644	1	572	0.0	1057
32-HB
5_0_REV	C1	99.476	572	2	1	1802	2372	1	572	0.0	1038
5_0_REV	C1	99.476	572	2	1	1802	2372	1	572	0.0	1038
5_0_REV	C1	99.476	572	2	1	1802	2372	1	572	0.0	1038
5_0_REV	C1	99.476	572	2	1	1802	2372	1	572	0.0	1038
28-HB
5_0	C1	100.000	572	0	0	1939	2510	1	572	0.0	1057
5_0	C1	100.000	572	0	0	1939	2510	1	572	0.0	1057
5_0	C1	100.000	572	0	0	1939	2510	1	572	0.0	1057
5_0	C1	100.000	572	0	0	1939	2510	1	572	0.0	1057
23-HB
1_3_REV	A1e	99.735	377	1	0	1	377	262	638	0.0	691
1_3_REV	A1e	99.735	377	1	0	1	377	262	638	0.0	691
1_3_REV	A1e	99.735	377	1	0	1	377	262	638	0.0	691
1_3_REV	A1e	99.735	377	1	0	1	377	262	638	0.0	691
MAN-35-4-6-21
5_1_REV	A1e	99.735	377	1	0	1	377	262	638	0.0	691
5_1_REV	A1e	99.735	377	1	0	1	377	262	638	0.0	691
5_1_REV	A1e	99.735	377	1	0	1	377	262	638	0.0	691
5_1_REV	A1e	99.735	377	1	0	1	377	262	638	0.0	691
29-HB
5_1	C1	100.000	572	0	0	1955	2526	1	572	0.0	1057
5_1	C1	100.000	572	0	0	1955	2526	1	572	0.0	1057
5_1	C1	100.000	572	0	0	1955	2526	1	572	0.0	1057
5_1	C1	100.000	572	0	0	1955	2526	1	572	0.0	1057
M0142-1-4142022-3225
5_0	M3	100.000	542	0	0	1	542	284	825	0.0	1002
5_0	M3	100.000	542	0	0	1	542	284	825	0.0	1002
5_0	M3	100.000	542	0	0	1	542	284	825	0.0	1002
5_0	M3	100.000	542	0	0	1	542	284	825	0.0	1002
1-HB
5_4_REV	C1	99.301	572	3	1	1261	1831	1	572	0.0	1033
5_4_REV	C1	99.301	572	3	1	1261	1831	1	572	0.0	1033
5_4_REV	C1	99.301	572	3	1	1261	1831	1	572	0.0	1033
5_4_REV	C1	99.301	572	3	1	1261	1831	1	572	0.0	1033
8-HB
5_1	A1e	99.815	542	1	0	1	542	97	638	0.0	996
5_1	A1e	99.815	542	1	0	1	542	97	638	0.0	996
5_1	A1e	99.815	542	1	0	1	542	97	638	0.0	996
5_1	A1e	99.815	542	1	0	1	542	97	638	0.0	996
42-HB
1_3_REV	M3	100.000	426	0	0	1	426	400	825	0.0	787
1_3_REV	M3	100.000	426	0	0	1	426	400	825	0.0	787
1_3_REV	M3	100.000	426	0	0	1	426	400	825	0.0	787
1_1_REV	M3	100.000	426	0	0	1	426	400	825	0.0	787
30-HB
1_3_REV	O5	100.000	374	0	0	1	374	463	836	0.0	691
1_3_REV	O5	100.000	374	0	0	1	374	463	836	0.0	691
1_3_REV	O5	100.000	374	0	0	1	374	463	836	0.0	691
1_3	O5	100.000	374	0	0	1	374	463	836	0.0	691
9-HB
5_1_REV	C1	99.301	572	3	1	2073	2643	1	572	0.0	1033
5_1_REV	C1	99.301	572	3	1	2073	2643	1	572	0.0	1033
5_1_REV	C1	99.301	572	3	1	2073	2643	1	572	0.0	1033
5_0	C1	99.301	572	3	1	1924	2494	1	572	0.0	1033
Z11
1_44_REV	C1	100.000	63	0	0	62	124	5	67	1.40e-30	117
Z3
1_26	O5	100.000	63	0	0	1	63	774	836	1.35e-30	117
1_25	O5	100.000	63	0	0	1	63	774	836	1.35e-30	117
1_15	O5	100.000	63	0	0	1	63	774	836	1.35e-30	117
1_13	O5	100.000	63	0	0	1	63	774	836	1.35e-30	117
Z14
1_23	O5	99.010	101	1	0	1	101	736	836	5.02e-50	182
1_12	O5	99.010	101	1	0	1	101	736	836	5.02e-50	182
1_12	O5	99.010	101	1	0	1	101	736	836	5.02e-50	182
1_11	O5	99.010	101	1	0	1	101	736	836	5.02e-50	182
Z1-SK
1_6_REV	C1	99.142	233	1	1	24	255	1	233	7.35e-121	418
1_6_REV	C1	99.142	233	1	1	24	255	1	233	7.35e-121	418
1_4_REV	C1	99.142	233	1	1	24	255	1	233	7.35e-121	418
1_3_REV	O5	98.947	95	0	1	1	94	742	836	3.54e-46	169
Z6
1_9_REV	O5	100.000	63	0	0	62	124	771	833	1.40e-30	117
1_36	O5	100.000	63	0	0	1	63	772	834	1.40e-30	117
1_34	O5	100.000	63	0	0	1	63	772	834	1.40e-30	117
1_33	O5	100.000	63	0	0	1	63	772	834	1.40e-30	117
Z7
1_138_REV	O5	98.980	98	1	0	1	98	739	836	2.34e-48	176
F2-SK
1_78_REV	C1	100.000	564	0	0	1	564	1	564	0.0	1042
1_78	C1	100.000	564	0	0	1	564	1	564	0.0	1042
1_58_REV	C1	100.000	564	0	0	1	564	1	564	0.0	1042
1_58_REV	C1	100.000	564	0	0	1	564	1	564	0.0	1042
1_84	O5	95.495	111	5	0	1	111	726	836	8.10e-49	178
1_80	O5	95.495	111	5	0	1	111	726	836	8.10e-49	178
Z12
2_17_REV	M3	100.000	63	0	0	63	125	1	63	1.41e-30	117
2_13_REV	O5	100.000	63	0	0	60	122	771	833	1.37e-30	117
2_11_REV	M3	100.000	63	0	0	63	125	1	63	1.41e-30	117
1_16_REV	O5	100.000	63	0	0	60	122	771	833	1.37e-30	117
P1
1_40	C1	100.000	236	0	0	1	236	334	569	1.87e-126	436
1_34	C1	100.000	236	0	0	1	236	334	569	1.87e-126	436
1_34	C1	100.000	236	0	0	1	236	334	569	1.87e-126	436
1_34	C1	100.000	236	0	0	1	236	334	569	1.87e-126	436
sampleID:Z23
1_200_REV	C1	100.000	63	0	0	57	119	3	65	1.34e-30	117
1_176_REV	C1	100.000	63	0	0	57	119	3	65	1.34e-30	117
1_174_REV	C1	100.000	63	0	0	57	119	3	65	1.34e-30	117
1_173_REV	C1	100.000	63	0	0	57	119	3	65	1.34e-30	117
sampleID:L5
1_32_REV	C1	94.215	121	7	0	24	144	452	572	4.64e-51	185
1_30_REV	C1	94.215	121	7	0	24	144	452	572	4.64e-51	185
1_30_REV	C1	94.215	121	7	0	24	144	452	572	4.64e-51	185
1_30	C1	94.215	121	7	0	24	144	452	572	4.64e-51	185
sampleID:M0101-01-03172022-02242
5_0	C1	99.476	572	2	1	1569	2139	1	572	0.0	1038
5_0	C1	99.476	572	2	1	1569	2139	1	572	0.0	1038
5_0	C1	99.476	572	2	1	1569	2139	1	572	0.0	1038
5_0	C1	99.476	572	2	1	1569	2139	1	572	0.0	1038
sampleID:MAN-058-07-09-21
5_0	A1e	97.508	642	11	4	1468	2108	1	638	0.0	1092
5_0	A1e	97.508	642	11	4	1468	2108	1	638	0.0	1092
5_0	A1e	97.508	642	11	4	1468	2108	1	638	0.0	1092
1_3_REV	O5	100.000	374	0	0	1	374	463	836	0.0	691
sampleID:M0104-01-03182022-02288
5_0	A1e	99.735	377	1	0	1	377	262	638	0.0	691
1_3	A1e	99.735	377	1	0	1	377	262	638	0.0	691
1_3	A1e	99.735	377	1	0	1	377	262	638	0.0	691
1_3	A1e	99.735	377	1	0	1	377	262	638	0.0	691
sampleID:M0159-01-04262022-03706
1_3_REV	A1e	99.735	377	1	0	1	377	262	638	0.0	691
1_3_REV	A1e	99.735	377	1	0	1	377	262	638	0.0	691
1_3_REV	A1e	99.735	377	1	0	1	377	262	638	0.0	691
1_3	A1e	99.735	377	1	0	1	377	262	638	0.0	691
sampleID:10272021-6961
2_0	A1e	100.000	413	0	0	1	413	226	638	0.0	763
2_0	A1e	100.000	411	0	0	1	411	228	638	0.0	760
2_0	A1e	100.000	411	0	0	1	411	228	638	0.0	760
2_0	A1e	100.000	411	0	0	1	411	228	638	0.0	760
sampleID:M0031-01-02162022-01249
5_0	C1	100.000	572	0	0	2034	2605	1	572	0.0	1057
5_0	C1	100.000	572	0	0	2034	2605	1	572	0.0	1057
5_0	C1	100.000	572	0	0	2034	2605	1	572	0.0	1057
5_0	C1	100.000	572	0	0	1939	2510	1	572	0.0	1057
sampleID:M0171-02-05112022-04203
5_0_REV	C1	100.000	572	0	0	1922	2493	1	572	0.0	1057
5_0_REV	C1	100.000	572	0	0	1922	2493	1	572	0.0	1057
5_0_REV	C1	100.000	572	0	0	1922	2493	1	572	0.0	1057
5_0_REV	C1	100.000	572	0	0	1922	2493	1	572	0.0	1057
sampleID:M0045-01-02282022-01616
5_0	C1	99.301	572	3	1	1943	2513	1	572	0.0	1033
5_0	C1	99.301	572	3	1	1943	2513	1	572	0.0	1033
5_0	C1	99.301	572	3	1	1943	2513	1	572	0.0	1033
5_0	C1	99.301	572	3	1	1943	2513	1	572	0.0	1033
sampleID:M0223-01-06292022-05993
5_0	C1	99.301	572	3	1	1708	2278	1	572	0.0	1033
5_0	C1	99.301	572	3	1	1708	2278	1	572	0.0	1033
5_0	C1	99.301	572	3	1	1708	2278	1	572	0.0	1033
5_0	C1	99.301	572	3	1	1708	2278	1	572	0.0	1033
sampleID:M0211-01-06212022-05685
5_0	A1e	100.000	377	0	0	1	377	262	638	0.0	697
5_0	A1e	100.000	377	0	0	1	377	262	638	0.0	697
5_0	A1e	100.000	377	0	0	1	377	262	638	0.0	697
5_0	A1e	100.000	377	0	0	1	377	262	638	0.0	697
sampleID:M0088-01-03142022-02076
1_3_REV	A1e	99.735	377	1	0	1	377	262	638	0.0	691
1_3	A1e	99.735	377	1	0	1	377	262	638	0.0	691
1_3	A1e	99.735	377	1	0	1	377	262	638	0.0	691
1_3	A1e	99.735	377	1	0	1	377	262	638	0.0	691
sampleID:M0181-01-05192022-04493
3_0	A1e	99.814	539	1	0	1	539	100	638	0.0	990
3_0	A1e	99.814	539	1	0	1	539	100	638	0.0	990
3_0	A1e	99.814	539	1	0	1	539	100	638	0.0	990
3_0	A1e	99.814	539	1	0	1	539	100	638	0.0	990
sampleID:M0180-02-05192022-04492
5_2	C1	100.000	572	0	0	2010	2581	1	572	0.0	1057
5_0_REV	C1	100.000	572	0	0	2086	2657	1	572	0.0	1057
5_0_REV	C1	100.000	572	0	0	2086	2657	1	572	0.0	1057
5_0_REV	C1	100.000	572	0	0	2086	2657	1	572	0.0	1057
sampleID:M0040-01-02222022-01457
5_0	C1	99.301	572	3	1	1940	2510	1	572	0.0	1033
5_0	C1	99.301	572	3	1	1940	2510	1	572	0.0	1033
5_0	C1	99.301	572	3	1	1940	2510	1	572	0.0	1033
5_0	C1	99.301	572	3	1	1940	2510	1	572	0.0	1033
sampleID:M0033-01-02172022-01335
1_3_REV	A1e	99.735	377	1	0	1	377	262	638	0.0	691
1_3_REV	A1e	99.735	377	1	0	1	377	262	638	0.0	691
1_3_REV	A1e	99.735	377	1	0	1	377	262	638	0.0	691
1_3_REV	A1e	99.735	377	1	0	1	377	262	638	0.0	691
sampleID:M0077-01-03092022-01966
5_1_REV	A1e	99.735	377	1	0	1	377	262	638	0.0	691
5_1_REV	A1e	99.735	377	1	0	1	377	262	638	0.0	691
5_1_REV	A1e	99.735	377	1	0	1	377	262	638	0.0	691
5_1_REV	A1e	99.735	377	1	0	1	377	262	638	0.0	691
sampleID:11152021-2556
5_1_REV	A1e	99.735	377	1	0	1	377	262	638	0.0	691
5_1_REV	A1e	99.735	377	1	0	1	377	262	638	0.0	691
5_1_REV	A1e	99.735	377	1	0	1	377	262	638	0.0	691
5_1_REV	A1e	99.735	377	1	0	1	377	262	638	0.0	691
sampleID:C2021-6-28
sampleID:C2021-6-4
sampleID:C2021-6-1
sampleID:C2021-6-17
sampleID:38-HB
sampleID:C2021-6-16
sampleID:C2021-6-13
sampleID:C2021-6-4
1_0_REV	C1	100.000	64	0	0	476	539	1	64	5.31e-30	119
1_0_REV	C1	100.000	64	0	0	476	539	1	64	5.29e-30	119
1_0_REV	M3	91.803	366	8	11	476	836	1	349	9.77e-142	490
1_0_REV	M3	91.803	366	8	11	476	836	1	349	9.73e-142	490
sampleID:C2021-6-1
2_0	C1	100.000	64	0	0	758	821	1	64	6.86e-30	119
2_0	C1	100.000	64	0	0	758	821	1	64	6.86e-30	119
1_0_REV	C1	100.000	64	0	0	421	484	1	64	4.64e-30	119
1_0_REV	C1	100.000	64	0	0	421	484	1	64	4.64e-30	119
1_0_REV	C1	100.000	64	0	0	421	484	1	64	4.64e-30	119
1_0_REV	C1	100.000	64	0	0	421	484	1	64	4.64e-30	119
1_0_REV	M3	91.803	366	8	11	421	781	1	349	8.53e-142	490
1_0_REV	M3	91.803	366	8	11	421	781	1	349	8.53e-142	490
sampleID:38-HB
sampleID:C2021-6-28
2_0	C1	100.000	64	0	0	625	688	1	64	6.63e-30	119
2_0	C1	100.000	64	0	0	625	688	1	64	6.63e-30	119
1_0_REV	C1	100.000	64	0	0	283	346	1	64	4.22e-30	119
1_0_REV	C1	100.000	64	0	0	283	346	1	64	4.22e-30	119
1_0_REV	C1	100.000	64	0	0	283	346	1	64	4.22e-30	119
1_0_REV	M3	91.803	366	8	11	283	643	1	349	7.76e-142	490
sampleID:C2021-6-13
1_0	C1	100.000	64	0	0	465	528	1	64	5.28e-30	119
1_0	C1	100.000	64	0	0	465	528	1	64	5.28e-30	119
1_0	C1	100.000	64	0	0	465	528	1	64	5.28e-30	119
1_0	C1	100.000	64	0	0	441	504	1	64	5.19e-30	119
1_0	M3	91.803	366	8	11	465	825	1	349	9.72e-142	490
1_0	M3	91.803	366	8	11	465	825	1	349	9.72e-142	490
1_0	M3	91.803	366	8	11	465	825	1	349	9.72e-142	490
1_0	M3	91.803	366	8	11	441	801	1	349	9.55e-142	490
sampleID:C2021-6-17
2_0_REV	C1	100.000	64	0	0	748	811	1	64	7.65e-30	119
1_0_REV	C1	100.000	64	0	0	419	482	1	64	4.84e-30	119
1_0_REV	C1	100.000	64	0	0	419	482	1	64	4.84e-30	119
1_0_REV	C1	100.000	64	0	0	419	482	1	64	4.84e-30	119
1_0_REV	M3	91.803	366	8	11	419	779	1	349	8.90e-142	490
1_0_REV	M3	91.803	366	8	11	419	779	1	349	8.90e-142	490
sampleID:C2021-6-16
2_0_REV	C1	100.000	64	0	0	814	877	1	64	7.85e-30	119
2_0	C1	100.000	64	0	0	748	811	1	64	7.62e-30	119
2_0	C1	100.000	64	0	0	748	811	1	64	6.77e-30	119
1_0	C1	100.000	64	0	0	458	521	1	64	4.98e-30	119
1_1	C1	100.000	64	0	0	313	376	1	64	4.49e-30	119
1_0	C1	100.000	64	0	0	313	376	1	64	4.27e-30	119
