sampleID:7-HB
1_NODE_1_length_1570_cov_49.294039	C1	99.301	572	3	1	549	1119	1	572	0.0	1033
1_NODE_1_length_1570_cov_49.294039	A1e	98.651	519	6	1	601	1119	121	638	0.0	918
1_NODE_1_length_1570_cov_49.294039	M3	98.467	522	5	2	601	1119	304	825	0.0	917
1_NODE_1_length_1570_cov_49.294039	O5	97.318	522	11	2	601	1119	315	836	0.0	883
1_NODE_1_length_1570_cov_49.294039	M3	100.000	64	0	0	549	612	1	64	5.32e-30	119
1_NODE_1_length_1570_cov_49.294039	O5	98.438	64	0	1	549	612	1	63	8.90e-28	111
sampleID:C2021-6-28
1_NODE_1_length_1755_cov_91.320024_REV	A1e	99.843	638	1	0	592	1229	1	638	0.0	1173
1_NODE_1_length_1755_cov_91.320024_REV	M3	96.513	631	12	7	606	1229	198	825	0.0	1035
1_NODE_1_length_1755_cov_91.320024_REV	O5	95.866	629	18	6	606	1229	211	836	0.0	1011
1_NODE_1_length_1755_cov_91.320024_REV	C1	98.462	520	6	2	712	1229	53	572	0.0	915
1_NODE_1_length_1755_cov_91.320024_REV	O5	93.443	366	13	10	592	952	1	360	1.79e-154	532
1_NODE_1_length_1755_cov_91.320024_REV	M3	91.803	366	8	11	592	952	1	349	1.10e-141	490
1_NODE_2_length_379_cov_1.337748	C1	94.215	121	7	0	132	252	452	572	1.22e-50	185
1_NODE_2_length_379_cov_1.337748	O5	93.388	121	8	0	132	252	716	836	5.68e-49	180
1_NODE_1_length_1755_cov_91.320024_REV	C1	100.000	64	0	0	592	655	1	64	5.95e-30	119
sampleID:10272021-6961
1_NODE_1_length_1953_cov_85.422708	A1e	100.000	638	0	0	733	1370	1	638	0.0	1179
1_NODE_1_length_1953_cov_85.422708	M3	96.355	631	13	7	747	1370	198	825	0.0	1029
1_NODE_1_length_1953_cov_85.422708	O5	95.707	629	19	6	747	1370	211	836	0.0	1005
1_NODE_1_length_1953_cov_85.422708	C1	98.462	520	6	2	853	1370	53	572	0.0	915
1_NODE_1_length_1953_cov_85.422708	O5	93.716	366	12	10	733	1093	1	360	4.30e-156	538
1_NODE_1_length_1953_cov_85.422708	M3	91.803	366	8	11	733	1093	1	349	1.22e-141	490
1_NODE_2_length_325_cov_1.193548_REV	C1	94.215	121	7	0	93	213	452	572	1.04e-50	185
1_NODE_2_length_325_cov_1.193548_REV	O5	93.388	121	8	0	93	213	716	836	4.84e-49	180
1_NODE_3_length_258_cov_2.038674_REV	C1	91.870	123	6	3	1	123	454	572	8.28e-46	169
1_NODE_3_length_258_cov_2.038674_REV	O5	91.803	122	6	3	2	123	719	836	2.98e-45	167
sampleID:C2021-6-17
1_NODE_1_length_1964_cov_80.695813_REV	A1e	99.843	638	1	0	591	1228	1	638	0.0	1173
1_NODE_1_length_1964_cov_80.695813_REV	M3	96.513	631	12	7	605	1228	198	825	0.0	1035
1_NODE_1_length_1964_cov_80.695813_REV	O5	95.866	629	18	6	605	1228	211	836	0.0	1011
1_NODE_1_length_1964_cov_80.695813_REV	C1	98.462	520	6	2	711	1228	53	572	0.0	915
1_NODE_1_length_1964_cov_80.695813_REV	O5	93.443	366	13	10	591	951	1	360	2.01e-154	532
1_NODE_1_length_1964_cov_80.695813_REV	M3	91.803	366	8	11	591	951	1	349	1.23e-141	490
1_NODE_1_length_1964_cov_80.695813_REV	C1	100.000	64	0	0	591	654	1	64	6.67e-30	119
sampleID:M0031-01-02162022-01249
1_NODE_1_length_1657_cov_177.139241_REV	C1	100.000	572	0	0	486	1057	1	572	0.0	1057
1_NODE_1_length_1657_cov_177.139241_REV	A1e	98.462	520	6	2	538	1057	121	638	0.0	915
1_NODE_1_length_1657_cov_177.139241_REV	M3	98.088	523	6	3	538	1057	304	825	0.0	907
1_NODE_1_length_1657_cov_177.139241_REV	O5	97.323	523	10	3	538	1057	315	836	0.0	885
1_NODE_2_length_255_cov_1.662921_REV	C1	92.000	125	6	3	1	125	452	572	6.32e-47	172
1_NODE_2_length_255_cov_1.662921_REV	O5	91.200	125	7	3	1	125	716	836	2.94e-45	167
1_NODE_1_length_1657_cov_177.139241_REV	M3	100.000	64	0	0	486	549	1	64	5.62e-30	119
1_NODE_1_length_1657_cov_177.139241_REV	O5	98.438	64	0	1	486	549	1	63	9.40e-28	111
sampleID:C2021-6-16
1_NODE_1_length_1733_cov_118.565217	A1e	99.843	638	1	0	608	1245	1	638	0.0	1173
1_NODE_1_length_1733_cov_118.565217	M3	96.513	631	12	7	622	1245	198	825	0.0	1035
1_NODE_1_length_1733_cov_118.565217	O5	95.866	629	18	6	622	1245	211	836	0.0	1011
1_NODE_1_length_1733_cov_118.565217	C1	98.462	520	6	2	728	1245	53	572	0.0	915
1_NODE_1_length_1733_cov_118.565217	O5	93.443	366	13	10	608	968	1	360	1.77e-154	532
1_NODE_1_length_1733_cov_118.565217	M3	91.803	366	8	11	608	968	1	349	1.08e-141	490
1_NODE_2_length_441_cov_1.642857	O5	93.805	113	5	1	271	383	726	836	1.44e-45	169
1_NODE_1_length_1733_cov_118.565217	C1	100.000	64	0	0	608	671	1	64	5.88e-30	119
sampleID:M0045-01-02282022-01616
1_NODE_1_length_1765_cov_154.681280	C1	99.301	572	3	1	673	1243	1	572	0.0	1033
1_NODE_1_length_1765_cov_154.681280	A1e	98.651	519	6	1	725	1243	121	638	0.0	918
1_NODE_1_length_1765_cov_154.681280	M3	98.467	522	5	2	725	1243	304	825	0.0	917
1_NODE_1_length_1765_cov_154.681280	O5	97.318	522	11	2	725	1243	315	836	0.0	883
1_NODE_2_length_410_cov_2.432432_REV	O5	92.174	115	5	3	1	115	726	836	8.03e-43	159
1_NODE_1_length_1765_cov_154.681280	M3	100.000	64	0	0	673	736	1	64	5.99e-30	119
1_NODE_1_length_1765_cov_154.681280	O5	98.438	64	0	1	673	736	1	63	1.00e-27	111
sampleID:4-HB
1_NODE_1_length_1972_cov_203.825858_REV	A1e	99.687	639	1	1	709	1347	1	638	0.0	1168
1_NODE_1_length_1972_cov_203.825858_REV	M3	96.203	632	13	8	723	1347	198	825	0.0	1024
1_NODE_1_length_1972_cov_203.825858_REV	O5	95.556	630	19	7	723	1347	211	836	0.0	1000
1_NODE_1_length_1972_cov_203.825858_REV	C1	98.269	520	7	2	830	1347	53	572	0.0	909
1_NODE_1_length_1972_cov_203.825858_REV	O5	93.460	367	12	11	709	1070	1	360	5.61e-155	534
1_NODE_1_length_1972_cov_203.825858_REV	M3	91.553	367	8	11	709	1070	1	349	5.73e-140	484
1_NODE_1_length_1972_cov_203.825858_REV	C1	100.000	64	0	0	709	772	1	64	6.70e-30	119
sampleID:C2021-6-13
1_NODE_1_length_2055_cov_243.140546	A1e	99.843	638	1	0	709	1346	1	638	0.0	1173
1_NODE_1_length_2055_cov_243.140546	M3	96.513	631	12	7	723	1346	198	825	0.0	1035
1_NODE_1_length_2055_cov_243.140546	O5	95.866	629	18	6	723	1346	211	836	0.0	1011
1_NODE_1_length_2055_cov_243.140546	C1	98.462	520	6	2	829	1346	53	572	0.0	915
1_NODE_1_length_2055_cov_243.140546	O5	93.443	366	13	10	709	1069	1	360	2.10e-154	532
1_NODE_1_length_2055_cov_243.140546	M3	91.803	366	8	11	709	1069	1	349	1.28e-141	490
1_NODE_2_length_315_cov_2.483193_REV	C1	93.103	261	14	2	22	282	316	572	4.31e-109	379
1_NODE_2_length_315_cov_2.483193_REV	A1e	92.337	261	16	2	22	282	382	638	9.32e-106	368
1_NODE_2_length_315_cov_2.483193_REV	O5	91.954	261	17	3	22	282	580	836	4.34e-104	363
1_NODE_1_length_2055_cov_243.140546	C1	100.000	64	0	0	709	772	1	64	6.98e-30	119
sampleID:C2021-6-1
1_NODE_1_length_1824_cov_179.204923_REV	A1e	99.843	638	1	0	604	1241	1	638	0.0	1173
1_NODE_1_length_1824_cov_179.204923_REV	M3	96.513	631	12	7	618	1241	198	825	0.0	1035
1_NODE_1_length_1824_cov_179.204923_REV	O5	95.866	629	18	6	618	1241	211	836	0.0	1011
1_NODE_1_length_1824_cov_179.204923_REV	C1	98.462	520	6	2	724	1241	53	572	0.0	915
1_NODE_1_length_1824_cov_179.204923_REV	O5	93.443	366	13	10	604	964	1	360	1.87e-154	532
1_NODE_1_length_1824_cov_179.204923_REV	M3	91.803	366	8	11	604	964	1	349	1.14e-141	490
1_NODE_2_length_266_cov_1.502646_REV	C1	94.215	121	7	0	34	154	452	572	8.48e-51	185
1_NODE_2_length_266_cov_1.502646_REV	O5	93.388	121	8	0	34	154	716	836	3.95e-49	180
1_NODE_1_length_1824_cov_179.204923_REV	C1	100.000	64	0	0	604	667	1	64	6.19e-30	119
sampleID:C2021-6-4
1_NODE_1_length_1932_cov_353.190296	A1e	99.843	638	1	0	690	1327	1	638	0.0	1173
1_NODE_1_length_1932_cov_353.190296	M3	96.513	631	12	7	704	1327	198	825	0.0	1035
1_NODE_1_length_1932_cov_353.190296	O5	95.866	629	18	6	704	1327	211	836	0.0	1011
1_NODE_1_length_1932_cov_353.190296	C1	98.462	520	6	2	810	1327	53	572	0.0	915
1_NODE_1_length_1932_cov_353.190296	O5	93.443	366	13	10	690	1050	1	360	1.98e-154	532
1_NODE_1_length_1932_cov_353.190296	M3	91.803	366	8	11	690	1050	1	349	1.21e-141	490
1_NODE_5_length_155_cov_2.461538	O5	99.194	124	1	0	1	124	713	836	1.01e-62	224
1_NODE_5_length_155_cov_2.461538	C1	98.387	124	2	0	1	124	449	572	4.71e-61	219
1_NODE_3_length_253_cov_2.096591_REV	O5	92.157	153	8	3	1	153	688	836	3.69e-59	213
1_NODE_9_length_119_cov_4.785714_REV	O5	99.145	117	1	0	1	117	720	836	5.96e-59	211
sampleID:8-HB
1_NODE_1_length_1982_cov_437.918635	A1e	99.687	639	1	1	709	1347	1	638	0.0	1168
1_NODE_1_length_1982_cov_437.918635	M3	96.203	632	13	8	723	1347	198	825	0.0	1024
1_NODE_1_length_1982_cov_437.918635	O5	95.556	630	19	7	723	1347	211	836	0.0	1000
1_NODE_1_length_1982_cov_437.918635	C1	98.269	520	7	2	830	1347	53	572	0.0	909
1_NODE_1_length_1982_cov_437.918635	O5	93.460	367	12	11	709	1070	1	360	5.64e-155	534
1_NODE_1_length_1982_cov_437.918635	M3	91.553	367	8	11	709	1070	1	349	5.76e-140	484
1_NODE_1_length_1982_cov_437.918635	C1	100.000	64	0	0	709	772	1	64	6.73e-30	119
sampleID:36-HB
1_NODE_1_length_1733_cov_143.382850_REV	C1	100.000	572	0	0	637	1208	1	572	0.0	1057
1_NODE_1_length_1733_cov_143.382850_REV	A1e	98.462	520	6	2	689	1208	121	638	0.0	915
1_NODE_1_length_1733_cov_143.382850_REV	M3	98.088	523	6	3	689	1208	304	825	0.0	907
1_NODE_1_length_1733_cov_143.382850_REV	O5	97.323	523	10	3	689	1208	315	836	0.0	885
1_NODE_1_length_1733_cov_143.382850_REV	M3	100.000	64	0	0	637	700	1	64	5.88e-30	119
1_NODE_1_length_1733_cov_143.382850_REV	O5	98.438	64	0	1	637	700	1	63	9.84e-28	111
sampleID:9-HB
1_NODE_1_length_1932_cov_316.632884	C1	99.301	572	3	1	762	1332	1	572	0.0	1033
1_NODE_1_length_1932_cov_316.632884	A1e	98.651	519	6	1	814	1332	121	638	0.0	918
1_NODE_1_length_1932_cov_316.632884	M3	98.467	522	5	2	814	1332	304	825	0.0	917
1_NODE_1_length_1932_cov_316.632884	O5	97.318	522	11	2	814	1332	315	836	0.0	883
1_NODE_2_length_368_cov_1.948454	C1	93.388	121	8	0	193	313	452	572	5.51e-49	180
1_NODE_2_length_368_cov_1.948454	O5	92.562	121	9	0	193	313	716	836	2.56e-47	174
1_NODE_1_length_1932_cov_316.632884	M3	100.000	64	0	0	762	825	1	64	6.56e-30	119
1_NODE_1_length_1932_cov_316.632884	O5	98.438	64	0	1	762	825	1	63	1.10e-27	111
sampleID:11152021-2556
1_NODE_1_length_1942_cov_171.361930	A1e	99.687	639	1	1	704	1342	1	638	0.0	1168
1_NODE_1_length_1942_cov_171.361930	M3	96.203	632	13	8	718	1342	198	825	0.0	1024
1_NODE_1_length_1942_cov_171.361930	O5	95.556	630	19	7	718	1342	211	836	0.0	1000
1_NODE_1_length_1942_cov_171.361930	C1	98.269	520	7	2	825	1342	53	572	0.0	909
1_NODE_1_length_1942_cov_171.361930	O5	93.460	367	12	11	704	1065	1	360	5.52e-155	534
1_NODE_1_length_1942_cov_171.361930	M3	91.553	367	8	11	704	1065	1	349	5.64e-140	484
1_NODE_3_length_388_cov_1.903537_REV	A1e	93.365	211	14	0	1	211	428	638	5.50e-89	313
1_NODE_3_length_388_cov_1.903537_REV	O5	92.891	211	15	0	1	211	626	836	2.56e-87	307
1_NODE_5_length_285_cov_2.471154	C1	95.620	137	6	0	1	137	436	572	2.50e-61	220
1_NODE_5_length_285_cov_2.471154	O5	94.891	137	7	0	1	137	700	836	1.16e-59	215
sampleID:M0040-01-02222022-01457
1_NODE_1_length_1624_cov_217.806076	C1	99.301	572	3	1	551	1121	1	572	0.0	1033
1_NODE_1_length_1624_cov_217.806076	A1e	98.651	519	6	1	603	1121	121	638	0.0	918
1_NODE_1_length_1624_cov_217.806076	M3	98.467	522	5	2	603	1121	304	825	0.0	917
1_NODE_1_length_1624_cov_217.806076	O5	97.318	522	11	2	603	1121	315	836	0.0	883
1_NODE_2_length_453_cov_2.553191_REV	C1	94.215	121	7	0	33	153	452	572	1.47e-50	185
1_NODE_2_length_453_cov_2.553191_REV	O5	93.388	121	8	0	33	153	716	836	6.83e-49	180
1_NODE_1_length_1624_cov_217.806076	M3	100.000	64	0	0	551	614	1	64	5.51e-30	119
1_NODE_1_length_1624_cov_217.806076	O5	98.438	64	0	1	551	614	1	63	9.21e-28	111
sampleID:10142021-8478
1_NODE_1_length_1683_cov_264.084060	C1	99.301	572	3	1	513	1083	1	572	0.0	1033
1_NODE_1_length_1683_cov_264.084060	A1e	98.651	519	6	1	565	1083	121	638	0.0	918
1_NODE_1_length_1683_cov_264.084060	M3	98.467	522	5	2	565	1083	304	825	0.0	917
1_NODE_1_length_1683_cov_264.084060	O5	97.318	522	11	2	565	1083	315	836	0.0	883
1_NODE_2_length_250_cov_1.710983	C1	94.215	121	7	0	80	200	452	572	7.95e-51	185
1_NODE_2_length_250_cov_1.710983	O5	93.388	121	8	0	80	200	716	836	3.70e-49	180
1_NODE_1_length_1683_cov_264.084060	M3	100.000	64	0	0	513	576	1	64	5.71e-30	119
1_NODE_1_length_1683_cov_264.084060	O5	98.438	64	0	1	513	576	1	63	9.55e-28	111
sampleID:M0033-01-02172022-01335
1_NODE_1_length_1211_cov_350.521164	A1e	99.687	639	1	1	549	1187	1	638	0.0	1168
1_NODE_1_length_1211_cov_350.521164	M3	96.203	632	13	8	563	1187	198	825	0.0	1024
1_NODE_1_length_1211_cov_350.521164	O5	95.556	630	19	7	563	1187	211	836	0.0	1000
1_NODE_1_length_1211_cov_350.521164	C1	98.269	520	7	2	670	1187	53	572	0.0	909
1_NODE_1_length_1211_cov_350.521164	O5	93.460	367	12	11	549	910	1	360	3.44e-155	534
1_NODE_1_length_1211_cov_350.521164	M3	91.553	367	8	11	549	910	1	349	3.51e-140	484
1_NODE_2_length_357_cov_2.871429	C1	93.103	261	14	2	19	279	316	572	4.90e-109	379
1_NODE_2_length_357_cov_2.871429	A1e	92.337	261	16	3	19	279	382	638	1.06e-105	368
1_NODE_2_length_357_cov_2.871429	O5	91.954	261	17	3	19	279	580	836	4.94e-104	363
1_NODE_4_length_239_cov_2.709877_REV	C1	93.388	121	8	0	111	231	452	572	3.53e-49	180
sampleID:1-HB
1_NODE_1_length_1982_cov_522.767979_REV	C1	99.301	572	3	1	671	1241	1	572	0.0	1033
1_NODE_1_length_1982_cov_522.767979_REV	A1e	98.651	519	6	1	723	1241	121	638	0.0	918
1_NODE_1_length_1982_cov_522.767979_REV	M3	98.467	522	5	2	723	1241	304	825	0.0	917
1_NODE_1_length_1982_cov_522.767979_REV	O5	97.318	522	11	2	723	1241	315	836	0.0	883
1_NODE_2_length_234_cov_3.738854_REV	O5	92.308	117	5	3	3	119	724	836	3.47e-44	163
1_NODE_1_length_1982_cov_522.767979_REV	M3	100.000	64	0	0	671	734	1	64	6.73e-30	119
1_NODE_1_length_1982_cov_522.767979_REV	O5	98.438	64	0	1	671	734	1	63	1.13e-27	111
sampleID:M0101-01-03172022-02242
1_NODE_1_length_1591_cov_32.074637	C1	99.476	572	2	1	536	1106	1	572	0.0	1038
1_NODE_1_length_1591_cov_32.074637	A1e	98.844	519	5	1	588	1106	121	638	0.0	924
1_NODE_1_length_1591_cov_32.074637	M3	98.659	522	4	2	588	1106	304	825	0.0	922
1_NODE_1_length_1591_cov_32.074637	O5	97.510	522	10	2	588	1106	315	836	0.0	889
1_NODE_1_length_1591_cov_32.074637	M3	100.000	64	0	0	536	599	1	64	5.39e-30	119
1_NODE_1_length_1591_cov_32.074637	O5	98.438	64	0	1	536	599	1	63	9.02e-28	111
sampleID:MAN-058-07-09-21
1_NODE_1_length_1364_cov_33.135198_REV	A1e	97.508	642	11	4	280	920	1	638	0.0	1092
1_NODE_1_length_1364_cov_33.135198_REV	O5	97.933	629	8	4	294	920	211	836	0.0	1085
1_NODE_1_length_1364_cov_33.135198_REV	M3	95.419	633	18	7	294	920	198	825	0.0	998
1_NODE_1_length_1364_cov_33.135198_REV	C1	97.323	523	10	3	399	920	53	572	0.0	885
1_NODE_1_length_1364_cov_33.135198_REV	O5	97.260	365	4	6	280	643	1	360	4.84e-179	614
1_NODE_1_length_1364_cov_33.135198_REV	M3	91.553	367	10	12	280	643	1	349	1.10e-140	486
1_NODE_2_length_284_cov_1.429952	C1	93.103	261	14	2	21	281	316	572	3.88e-109	379
1_NODE_2_length_284_cov_1.429952	A1e	92.337	261	16	2	21	281	382	638	8.41e-106	368
1_NODE_2_length_284_cov_1.429952	O5	91.954	261	17	3	21	281	580	836	3.91e-104	363
1_NODE_1_length_1364_cov_33.135198_REV	C1	100.000	64	0	0	280	343	1	64	4.63e-30	119
sampleID:M0159-01-04262022-03706
1_NODE_1_length_1889_cov_88.783664_REV	A1e	99.687	639	1	1	748	1386	1	638	0.0	1168
1_NODE_1_length_1889_cov_88.783664_REV	M3	96.203	632	13	8	762	1386	198	825	0.0	1024
1_NODE_1_length_1889_cov_88.783664_REV	O5	95.556	630	19	7	762	1386	211	836	0.0	1000
1_NODE_1_length_1889_cov_88.783664_REV	C1	98.269	520	7	2	869	1386	53	572	0.0	909
1_NODE_1_length_1889_cov_88.783664_REV	O5	93.460	367	12	11	748	1109	1	360	5.37e-155	534
1_NODE_1_length_1889_cov_88.783664_REV	M3	91.553	367	8	11	748	1109	1	349	5.49e-140	484
1_NODE_2_length_308_cov_2.212121_REV	C1	92.908	141	6	3	3	143	436	572	9.77e-56	202
1_NODE_2_length_308_cov_2.212121_REV	O5	92.199	141	7	3	3	143	700	836	4.55e-54	196
1_NODE_1_length_1889_cov_88.783664_REV	C1	100.000	64	0	0	748	811	1	64	6.41e-30	119
sampleID:25-HB
1_NODE_1_length_1674_cov_55.691922_REV	A1e	99.687	639	1	1	647	1285	1	638	0.0	1168
1_NODE_1_length_1674_cov_55.691922_REV	M3	96.203	632	13	8	661	1285	198	825	0.0	1024
1_NODE_1_length_1674_cov_55.691922_REV	O5	95.556	630	19	7	661	1285	211	836	0.0	1000
1_NODE_1_length_1674_cov_55.691922_REV	C1	98.269	520	7	2	768	1285	53	572	0.0	909
1_NODE_1_length_1674_cov_55.691922_REV	O5	93.460	367	12	11	647	1008	1	360	4.76e-155	534
1_NODE_1_length_1674_cov_55.691922_REV	M3	91.553	367	8	11	647	1008	1	349	4.86e-140	484
1_NODE_1_length_1674_cov_55.691922_REV	C1	100.000	64	0	0	647	710	1	64	5.68e-30	119
sampleID:M0104-01-03182022-02288
1_NODE_1_length_1733_cov_91.732488_REV	A1e	99.687	639	1	1	600	1238	1	638	0.0	1168
1_NODE_1_length_1733_cov_91.732488_REV	M3	96.203	632	13	8	614	1238	198	825	0.0	1024
1_NODE_1_length_1733_cov_91.732488_REV	O5	95.556	630	19	7	614	1238	211	836	0.0	1000
1_NODE_1_length_1733_cov_91.732488_REV	C1	98.269	520	7	2	721	1238	53	572	0.0	909
1_NODE_1_length_1733_cov_91.732488_REV	O5	93.460	367	12	11	600	961	1	360	4.93e-155	534
1_NODE_1_length_1733_cov_91.732488_REV	M3	91.553	367	8	11	600	961	1	349	5.03e-140	484
1_NODE_1_length_1733_cov_91.732488_REV	C1	100.000	64	0	0	600	663	1	64	5.88e-30	119
sampleID:17-HB
1_NODE_1_length_1889_cov_90.666115_REV	C1	99.301	572	3	1	702	1272	1	572	0.0	1033
1_NODE_1_length_1889_cov_90.666115_REV	A1e	98.651	519	6	1	754	1272	121	638	0.0	918
1_NODE_1_length_1889_cov_90.666115_REV	M3	98.467	522	5	2	754	1272	304	825	0.0	917
1_NODE_1_length_1889_cov_90.666115_REV	O5	97.318	522	11	2	754	1272	315	836	0.0	883
1_NODE_1_length_1889_cov_90.666115_REV	M3	100.000	64	0	0	702	765	1	64	6.41e-30	119
1_NODE_1_length_1889_cov_90.666115_REV	O5	98.438	64	0	1	702	765	1	63	1.07e-27	111
sampleID:32-HB
1_NODE_1_length_1797_cov_76.115116_REV	C1	99.476	572	2	1	627	1197	1	572	0.0	1038
1_NODE_1_length_1797_cov_76.115116_REV	A1e	98.844	519	5	1	679	1197	121	638	0.0	924
1_NODE_1_length_1797_cov_76.115116_REV	M3	98.659	522	4	2	679	1197	304	825	0.0	922
1_NODE_1_length_1797_cov_76.115116_REV	O5	97.510	522	10	2	679	1197	315	836	0.0	889
1_NODE_2_length_288_cov_1.644550_REV	C1	92.908	141	6	3	3	143	436	572	9.15e-56	202
1_NODE_2_length_288_cov_1.644550_REV	O5	92.199	141	7	3	3	143	700	836	4.26e-54	196
1_NODE_1_length_1797_cov_76.115116_REV	M3	100.000	64	0	0	627	690	1	64	6.10e-30	119
1_NODE_1_length_1797_cov_76.115116_REV	O5	98.438	64	0	1	627	690	1	63	1.02e-27	111
sampleID:M0223-01-06292022-05993
1_NODE_1_length_1587_cov_78.948344_REV	C1	99.301	572	3	1	495	1065	1	572	0.0	1033
1_NODE_1_length_1587_cov_78.948344_REV	A1e	98.651	519	6	1	547	1065	121	638	0.0	918
1_NODE_1_length_1587_cov_78.948344_REV	M3	98.467	522	5	2	547	1065	304	825	0.0	917
1_NODE_1_length_1587_cov_78.948344_REV	O5	97.318	522	11	2	547	1065	315	836	0.0	883
1_NODE_2_length_394_cov_1.867508	C1	93.103	261	14	2	31	291	316	572	5.43e-109	379
1_NODE_2_length_394_cov_1.867508	A1e	92.337	261	16	2	31	291	382	638	1.18e-105	368
1_NODE_2_length_394_cov_1.867508	O5	91.954	261	17	3	31	291	580	836	5.47e-104	363
1_NODE_1_length_1587_cov_78.948344_REV	M3	100.000	64	0	0	495	558	1	64	5.38e-30	119
1_NODE_1_length_1587_cov_78.948344_REV	O5	98.438	64	0	1	495	558	1	63	9.00e-28	111
sampleID:M0230-1-7062022-6162
1_NODE_1_length_1435_cov_120.359352_REV	C1	99.301	572	3	1	476	1046	1	572	0.0	1033
1_NODE_1_length_1435_cov_120.359352_REV	A1e	98.651	519	6	1	528	1046	121	638	0.0	918
1_NODE_1_length_1435_cov_120.359352_REV	M3	98.467	522	5	2	528	1046	304	825	0.0	917
1_NODE_1_length_1435_cov_120.359352_REV	O5	97.318	522	11	2	528	1046	315	836	0.0	883
1_NODE_1_length_1435_cov_120.359352_REV	M3	100.000	64	0	0	476	539	1	64	4.87e-30	119
1_NODE_1_length_1435_cov_120.359352_REV	O5	98.438	64	0	1	476	539	1	63	8.15e-28	111
sampleID:12-HB
1_NODE_1_length_2011_cov_251.667528_REV	C1	100.000	572	0	0	704	1275	1	572	0.0	1057
1_NODE_1_length_2011_cov_251.667528_REV	A1e	98.462	520	6	2	756	1275	121	638	0.0	915
1_NODE_1_length_2011_cov_251.667528_REV	M3	98.088	523	6	3	756	1275	304	825	0.0	907
1_NODE_1_length_2011_cov_251.667528_REV	O5	97.323	523	10	3	756	1275	315	836	0.0	885
1_NODE_1_length_2011_cov_251.667528_REV	M3	100.000	64	0	0	704	767	1	64	6.83e-30	119
1_NODE_1_length_2011_cov_251.667528_REV	O5	98.438	64	0	1	704	767	1	63	1.14e-27	111
sampleID:M0171-02-05112022-04203
1_NODE_1_length_1919_cov_96.562432_REV	C1	100.000	572	0	0	748	1319	1	572	0.0	1057
1_NODE_1_length_1919_cov_96.562432_REV	A1e	98.462	520	6	2	800	1319	121	638	0.0	915
1_NODE_1_length_1919_cov_96.562432_REV	M3	98.088	523	6	3	800	1319	304	825	0.0	907
1_NODE_1_length_1919_cov_96.562432_REV	O5	97.323	523	10	3	800	1319	315	836	0.0	885
1_NODE_1_length_1919_cov_96.562432_REV	M3	100.000	64	0	0	748	811	1	64	6.51e-30	119
1_NODE_1_length_1919_cov_96.562432_REV	O5	98.438	64	0	1	748	811	1	63	1.09e-27	111
sampleID:23-HB
1_NODE_1_length_1855_cov_97.278965	A1e	99.687	639	1	1	691	1329	1	638	0.0	1168
1_NODE_1_length_1855_cov_97.278965	M3	96.203	632	13	8	705	1329	198	825	0.0	1024
1_NODE_1_length_1855_cov_97.278965	O5	95.556	630	19	7	705	1329	211	836	0.0	1000
1_NODE_1_length_1855_cov_97.278965	C1	98.269	520	7	2	812	1329	53	572	0.0	909
1_NODE_1_length_1855_cov_97.278965	O5	93.460	367	12	11	691	1052	1	360	5.27e-155	534
1_NODE_1_length_1855_cov_97.278965	M3	91.553	367	8	11	691	1052	1	349	5.39e-140	484
1_NODE_2_length_255_cov_2.393258	C1	93.443	122	6	2	1	122	453	572	3.78e-49	180
1_NODE_2_length_255_cov_2.393258	O5	93.333	120	6	2	3	122	719	836	4.89e-48	176
1_NODE_1_length_1855_cov_97.278965	C1	100.000	64	0	0	691	754	1	64	6.30e-30	119
sampleID:29-HB
1_NODE_1_length_1877_cov_136.246667	C1	100.000	572	0	0	596	1167	1	572	0.0	1057
1_NODE_1_length_1877_cov_136.246667	A1e	98.462	520	6	2	648	1167	121	638	0.0	915
1_NODE_1_length_1877_cov_136.246667	M3	98.088	523	6	3	648	1167	304	825	0.0	907
1_NODE_1_length_1877_cov_136.246667	O5	97.323	523	10	3	648	1167	315	836	0.0	885
1_NODE_2_length_234_cov_1.885350_REV	C1	95.455	132	6	0	1	132	441	572	1.22e-58	211
1_NODE_2_length_234_cov_1.885350_REV	O5	94.697	132	7	0	1	132	705	836	5.69e-57	206
1_NODE_1_length_1877_cov_136.246667	M3	100.000	64	0	0	596	659	1	64	6.37e-30	119
1_NODE_1_length_1877_cov_136.246667	O5	98.438	64	0	1	596	659	1	63	1.07e-27	111
sampleID:41-HB
1_NODE_1_length_1767_cov_27.341420_REV	O5	96.424	839	19	9	556	1386	1	836	0.0	1373
1_NODE_1_length_1767_cov_27.341420_REV	M3	96.067	839	11	9	556	1386	1	825	0.0	1347
1_NODE_1_length_1575_cov_30.879840_REV	A1e	99.687	639	1	1	556	1194	1	638	0.0	1168
1_NODE_1_length_1767_cov_27.341420_REV	A1e	99.496	595	2	1	792	1386	45	638	0.0	1081
1_NODE_1_length_1575_cov_30.879840_REV	M3	96.203	632	13	8	570	1194	198	825	0.0	1024
1_NODE_1_length_1575_cov_30.879840_REV	O5	95.556	630	19	7	570	1194	211	836	0.0	1000
1_NODE_1_length_1767_cov_27.341420_REV	C1	98.269	520	7	2	869	1386	53	572	0.0	909
1_NODE_1_length_1767_cov_27.341420_REV	A1e	97.003	367	5	6	556	918	1	365	2.26e-178	612
1_NODE_1_length_1575_cov_30.879840_REV	O5	93.460	367	12	11	556	917	1	360	4.47e-155	534
1_NODE_1_length_1575_cov_30.879840_REV	M3	91.553	367	8	11	556	917	1	349	4.57e-140	484
sampleID:43-HB
1_NODE_1_length_1847_cov_250.024859	C1	99.301	572	3	1	682	1252	1	572	0.0	1033
1_NODE_1_length_1847_cov_250.024859	A1e	98.651	519	6	1	734	1252	121	638	0.0	918
1_NODE_1_length_1847_cov_250.024859	M3	98.467	522	5	2	734	1252	304	825	0.0	917
1_NODE_1_length_1847_cov_250.024859	O5	97.318	522	11	2	734	1252	315	836	0.0	883
1_NODE_2_length_333_cov_2.535156_REV	C1	93.103	261	14	2	12	272	316	572	4.56e-109	379
1_NODE_2_length_333_cov_2.535156_REV	A1e	92.337	261	16	2	12	272	382	638	9.87e-106	368
1_NODE_2_length_333_cov_2.535156_REV	O5	91.954	261	17	3	12	272	580	836	4.59e-104	363
1_NODE_1_length_1847_cov_250.024859	M3	100.000	64	0	0	682	745	1	64	6.27e-30	119
1_NODE_1_length_1847_cov_250.024859	O5	98.438	64	0	1	682	745	1	63	1.05e-27	111
sampleID:16-HB
1_NODE_1_length_1995_cov_169.953076_REV	C1	100.000	572	0	0	726	1297	1	572	0.0	1057
1_NODE_1_length_1995_cov_169.953076_REV	A1e	98.462	520	6	2	778	1297	121	638	0.0	915
1_NODE_1_length_1995_cov_169.953076_REV	M3	98.088	523	6	3	778	1297	304	825	0.0	907
1_NODE_1_length_1995_cov_169.953076_REV	O5	97.323	523	10	3	778	1297	315	836	0.0	885
1_NODE_2_length_267_cov_1.547368_REV	C1	92.810	153	7	3	1	153	424	572	8.40e-61	219
1_NODE_2_length_267_cov_1.547368_REV	O5	92.157	153	8	3	1	153	688	836	3.91e-59	213
1_NODE_1_length_1995_cov_169.953076_REV	M3	100.000	64	0	0	726	789	1	64	6.77e-30	119
1_NODE_1_length_1995_cov_169.953076_REV	O5	98.438	64	0	1	726	789	1	63	1.13e-27	111
sampleID:M0088-01-03142022-02076
1_NODE_1_length_2165_cov_623.142720_REV	A1e	99.687	639	1	1	748	1386	1	638	0.0	1168
1_NODE_1_length_2165_cov_623.142720_REV	M3	96.203	632	13	8	762	1386	198	825	0.0	1024
1_NODE_1_length_2165_cov_623.142720_REV	O5	95.556	630	19	7	762	1386	211	836	0.0	1000
1_NODE_1_length_2165_cov_623.142720_REV	C1	98.269	520	7	2	869	1386	53	572	0.0	909
1_NODE_1_length_2165_cov_623.142720_REV	O5	93.460	367	12	11	748	1109	1	360	6.16e-155	534
1_NODE_1_length_2165_cov_623.142720_REV	M3	91.553	367	8	11	748	1109	1	349	6.30e-140	484
1_NODE_3_length_378_cov_2.013289_REV	C1	93.103	261	14	2	21	281	316	572	5.20e-109	379
1_NODE_3_length_378_cov_2.013289_REV	A1e	92.337	261	16	2	21	281	382	638	1.13e-105	368
1_NODE_3_length_378_cov_2.013289_REV	O5	91.954	261	17	3	21	281	580	836	5.24e-104	363
1_NODE_2_length_386_cov_2.495146	C1	93.388	121	8	0	111	231	452	572	5.79e-49	180
sampleID:19-HB
1_NODE_1_length_1708_cov_165.748007	C1	100.000	572	0	0	513	1084	1	572	0.0	1057
1_NODE_1_length_1708_cov_165.748007	A1e	98.462	520	6	2	565	1084	121	638	0.0	915
1_NODE_1_length_1708_cov_165.748007	M3	98.088	523	6	3	565	1084	304	825	0.0	907
1_NODE_1_length_1708_cov_165.748007	O5	97.323	523	10	3	565	1084	315	836	0.0	885
1_NODE_2_length_345_cov_3.216418_REV	C1	93.103	261	14	2	47	307	316	572	4.73e-109	379
1_NODE_2_length_345_cov_3.216418_REV	A1e	92.337	261	16	2	47	307	382	638	1.02e-105	368
1_NODE_2_length_345_cov_3.216418_REV	O5	91.954	261	17	3	47	307	580	836	4.77e-104	363
1_NODE_1_length_1708_cov_165.748007	M3	100.000	64	0	0	513	576	1	64	5.79e-30	119
1_NODE_1_length_1708_cov_165.748007	O5	98.438	64	0	1	513	576	1	63	9.69e-28	111
sampleID:15-HB
1_NODE_1_length_1882_cov_181.463712_REV	O5	96.424	839	19	9	608	1438	1	836	0.0	1373
1_NODE_1_length_1882_cov_181.463712_REV	M3	96.067	839	11	9	608	1438	1	825	0.0	1347
1_NODE_1_length_1690_cov_178.382517_REV	A1e	99.687	639	1	1	608	1246	1	638	0.0	1168
1_NODE_1_length_1882_cov_181.463712_REV	A1e	99.496	595	2	1	844	1438	45	638	0.0	1081
1_NODE_1_length_1690_cov_178.382517_REV	M3	96.203	632	13	8	622	1246	198	825	0.0	1024
1_NODE_1_length_1690_cov_178.382517_REV	O5	95.556	630	19	7	622	1246	211	836	0.0	1000
1_NODE_1_length_1882_cov_181.463712_REV	C1	98.269	520	7	2	921	1438	53	572	0.0	909
1_NODE_1_length_1882_cov_181.463712_REV	A1e	97.003	367	5	6	608	970	1	365	2.40e-178	612
1_NODE_1_length_1690_cov_178.382517_REV	O5	93.460	367	12	11	608	969	1	360	4.80e-155	534
1_NODE_1_length_1690_cov_178.382517_REV	M3	91.553	367	8	11	608	969	1	349	4.90e-140	484
sampleID:28-HB
1_NODE_1_length_1717_cov_189.915244	C1	100.000	572	0	0	645	1216	1	572	0.0	1057
1_NODE_1_length_1717_cov_189.915244	A1e	98.462	520	6	2	697	1216	121	638	0.0	915
1_NODE_1_length_1717_cov_189.915244	M3	98.088	523	6	3	697	1216	304	825	0.0	907
1_NODE_1_length_1717_cov_189.915244	O5	97.323	523	10	3	697	1216	315	836	0.0	885
1_NODE_2_length_358_cov_3.288256	C1	92.000	125	6	3	1	125	452	572	8.96e-47	172
1_NODE_2_length_358_cov_3.288256	O5	91.200	125	7	3	1	125	716	836	4.17e-45	167
1_NODE_1_length_1717_cov_189.915244	M3	100.000	64	0	0	645	708	1	64	5.82e-30	119
1_NODE_1_length_1717_cov_189.915244	O5	98.438	64	0	1	645	708	1	63	9.74e-28	111
sampleID:MAN-35-4-6-21
1_NODE_1_length_2020_cov_306.204323	A1e	99.687	639	1	1	690	1328	1	638	0.0	1168
1_NODE_1_length_2020_cov_306.204323	M3	96.203	632	13	8	704	1328	198	825	0.0	1024
1_NODE_1_length_2020_cov_306.204323	O5	95.556	630	19	7	704	1328	211	836	0.0	1000
1_NODE_1_length_2020_cov_306.204323	C1	98.269	520	7	2	811	1328	53	572	0.0	909
1_NODE_1_length_2020_cov_306.204323	O5	93.460	367	12	11	690	1051	1	360	5.75e-155	534
1_NODE_1_length_2020_cov_306.204323	M3	91.553	367	8	11	690	1051	1	349	5.87e-140	484
1_NODE_2_length_259_cov_2.439560	C1	93.625	251	14	1	1	251	324	572	1.64e-107	374
1_NODE_2_length_259_cov_2.439560	A1e	92.829	251	16	1	1	251	390	638	3.55e-104	363
1_NODE_2_length_259_cov_2.439560	O5	92.430	251	17	1	1	251	588	836	1.65e-102	357
1_NODE_1_length_2020_cov_306.204323	C1	100.000	64	0	0	690	753	1	64	6.86e-30	119
sampleID:22-HB
1_NODE_1_length_1804_cov_96.308628	A1e	100.000	638	0	0	536	1173	1	638	0.0	1179
1_NODE_1_length_1214_cov_95.950748	A1e	100.000	583	0	0	1	583	56	638	0.0	1077
1_NODE_1_length_1804_cov_96.308628	M3	96.355	631	13	7	550	1173	198	825	0.0	1029
1_NODE_1_length_1214_cov_95.950748	M3	97.963	589	6	4	1	583	237	825	0.0	1016
1_NODE_1_length_1804_cov_96.308628	O5	95.707	629	19	6	550	1173	211	836	0.0	1005
1_NODE_1_length_1214_cov_95.950748	O5	97.274	587	12	3	1	583	250	836	0.0	992
1_NODE_1_length_1804_cov_96.308628	C1	98.462	520	6	2	656	1173	53	572	0.0	915
1_NODE_1_length_1804_cov_96.308628	O5	93.716	366	12	10	536	896	1	360	3.96e-156	538
1_NODE_1_length_1804_cov_96.308628	M3	91.803	366	8	11	536	896	1	349	1.13e-141	490
1_NODE_4_length_281_cov_2.470588	C1	94.444	198	8	2	1	197	377	572	8.55e-86	302
sampleID:M0211-01-06212022-05685
1_NODE_1_length_1823_cov_100.689003_REV	A1e	100.000	638	0	0	701	1338	1	638	0.0	1179
1_NODE_1_length_1068_cov_115.074672_REV	A1e	100.000	583	0	0	1	583	56	638	0.0	1077
1_NODE_1_length_1823_cov_100.689003_REV	M3	96.355	631	13	7	715	1338	198	825	0.0	1029
1_NODE_1_length_1068_cov_115.074672_REV	M3	97.963	589	6	4	1	583	237	825	0.0	1016
1_NODE_1_length_1823_cov_100.689003_REV	O5	95.707	629	19	6	715	1338	211	836	0.0	1005
1_NODE_1_length_1068_cov_115.074672_REV	O5	97.274	587	12	3	1	583	250	836	0.0	992
1_NODE_1_length_1823_cov_100.689003_REV	C1	98.462	520	6	2	821	1338	53	572	0.0	915
1_NODE_1_length_1823_cov_100.689003_REV	O5	93.716	366	12	10	701	1061	1	360	4.01e-156	538
1_NODE_1_length_1823_cov_100.689003_REV	M3	91.803	366	8	11	701	1061	1	349	1.14e-141	490
1_NODE_2_length_828_cov_97.770972_REV	A1e	100.000	128	0	0	701	828	1	128	7.38e-66	237
sampleID:20-HB
1_NODE_1_length_2068_cov_130.524360	A1e	99.687	639	1	1	813	1451	1	638	0.0	1168
1_NODE_1_length_2068_cov_130.524360	M3	96.203	632	13	8	827	1451	198	825	0.0	1024
1_NODE_1_length_2068_cov_130.524360	O5	95.556	630	19	7	827	1451	211	836	0.0	1000
1_NODE_1_length_2068_cov_130.524360	C1	98.269	520	7	2	934	1451	53	572	0.0	909
1_NODE_1_length_2068_cov_130.524360	O5	93.460	367	12	11	813	1174	1	360	5.89e-155	534
1_NODE_1_length_2068_cov_130.524360	M3	91.553	367	8	11	813	1174	1	349	6.01e-140	484
1_NODE_2_length_252_cov_2.320000_REV	C1	92.424	198	11	2	1	198	379	572	3.57e-79	279
1_NODE_2_length_252_cov_2.320000_REV	A1e	91.919	198	12	2	1	198	445	638	1.66e-77	274
1_NODE_2_length_252_cov_2.320000_REV	O5	91.414	198	13	3	1	198	643	836	7.74e-76	268
1_NODE_1_length_2068_cov_130.524360	C1	100.000	64	0	0	813	876	1	64	7.02e-30	119
sampleID:M0181-01-05192022-04493
1_NODE_1_length_2074_cov_226.618928_REV	A1e	99.687	639	1	1	748	1386	1	638	0.0	1168
1_NODE_1_length_2074_cov_226.618928_REV	M3	96.203	632	13	8	762	1386	198	825	0.0	1024
1_NODE_1_length_2074_cov_226.618928_REV	O5	95.556	630	19	7	762	1386	211	836	0.0	1000
1_NODE_1_length_2074_cov_226.618928_REV	C1	98.269	520	7	2	869	1386	53	572	0.0	909
1_NODE_1_length_2074_cov_226.618928_REV	O5	93.460	367	12	11	748	1109	1	360	5.90e-155	534
1_NODE_1_length_2074_cov_226.618928_REV	M3	91.553	367	8	11	748	1109	1	349	6.03e-140	484
1_NODE_2_length_322_cov_1.538776	C1	93.103	261	14	2	30	290	316	572	4.40e-109	379
1_NODE_2_length_322_cov_1.538776	A1e	92.337	261	16	2	30	290	382	638	9.54e-106	368
1_NODE_2_length_322_cov_1.538776	O5	91.954	261	17	3	30	290	580	836	4.44e-104	363
1_NODE_1_length_2074_cov_226.618928_REV	C1	100.000	64	0	0	748	811	1	64	7.04e-30	119
sampleID:Z3
1_NODE_1_length_952_cov_38.803429	C1	100.000	572	0	0	260	831	1	572	0.0	1057
1_NODE_1_length_952_cov_38.803429	A1e	98.462	520	6	2	312	831	121	638	0.0	915
1_NODE_1_length_952_cov_38.803429	M3	98.088	523	6	3	312	831	304	825	0.0	907
1_NODE_1_length_952_cov_38.803429	O5	97.323	523	10	3	312	831	315	836	0.0	885
1_NODE_1_length_952_cov_38.803429	M3	100.000	64	0	0	260	323	1	64	3.21e-30	119
1_NODE_1_length_952_cov_38.803429	O5	98.438	64	0	1	260	323	1	63	5.38e-28	111
sampleID:42-HB
1_NODE_1_length_1738_cov_123.769416	M3	99.879	825	1	0	470	1294	1	825	0.0	1519
1_NODE_1_length_1738_cov_123.769416	O5	95.719	841	15	10	470	1294	1	836	0.0	1334
1_NODE_1_length_1542_cov_135.293515_REV	A1e	96.417	642	6	7	470	1098	1	638	0.0	1042
1_NODE_1_length_1738_cov_123.769416	A1e	96.197	631	14	7	667	1294	15	638	0.0	1024
1_NODE_1_length_1542_cov_135.293515_REV	M3	98.267	577	5	3	525	1098	251	825	0.0	1005
1_NODE_1_length_1542_cov_135.293515_REV	O5	94.136	631	16	9	484	1098	211	836	0.0	941
1_NODE_1_length_1738_cov_123.769416	C1	98.088	523	6	3	773	1294	53	572	0.0	907
1_NODE_1_length_1542_cov_135.293515_REV	M3	97.734	353	3	5	470	821	1	349	1.19e-175	603
1_NODE_1_length_1542_cov_135.293515_REV	O5	91.553	367	9	13	470	821	1	360	1.25e-140	486
1_NODE_1_length_1738_cov_123.769416	A1e	91.530	366	9	12	470	818	1	361	5.05e-140	484
sampleID:30-HB
1_NODE_1_length_2112_cov_864.138084	A1e	97.508	642	11	4	736	1376	1	638	0.0	1092
1_NODE_1_length_2112_cov_864.138084	O5	97.933	629	8	4	750	1376	211	836	0.0	1085
1_NODE_1_length_2112_cov_864.138084	M3	95.419	633	18	7	750	1376	198	825	0.0	998
1_NODE_1_length_2112_cov_864.138084	C1	97.323	523	10	3	855	1376	53	572	0.0	885
1_NODE_1_length_2112_cov_864.138084	O5	97.260	365	4	6	736	1099	1	360	7.51e-179	614
1_NODE_1_length_2112_cov_864.138084	M3	91.553	367	10	12	736	1099	1	349	1.71e-140	486
1_NODE_2_length_437_cov_3.483333	C1	94.215	121	7	0	205	325	452	572	1.41e-50	185
1_NODE_2_length_437_cov_3.483333	O5	93.388	121	8	0	205	325	716	836	6.58e-49	180
1_NODE_2_length_265_cov_3.962766	C1	92.562	121	9	0	33	153	452	572	1.83e-47	174
1_NODE_2_length_265_cov_3.962766	O5	93.162	117	8	0	37	153	720	836	6.58e-47	172
sampleID:M0142-1-4142022-3225
1_NODE_1_length_1995_cov_553.600104	A1e	96.112	643	6	6	762	1390	1	638	0.0	1031
1_NODE_1_length_1995_cov_553.600104	M3	98.094	577	6	3	817	1390	251	825	0.0	1000
1_NODE_1_length_1995_cov_553.600104	O5	96.187	577	13	5	821	1390	262	836	0.0	935
1_NODE_1_length_1995_cov_553.600104	C1	98.088	523	6	3	869	1390	53	572	0.0	907
1_NODE_1_length_1995_cov_553.600104	M3	97.167	353	5	5	762	1113	1	349	3.32e-172	592
1_NODE_1_length_1995_cov_553.600104	O5	91.008	367	11	13	762	1113	1	360	3.49e-137	475
1_NODE_2_length_680_cov_1.932007_REV	C1	92.562	121	9	0	186	306	452	572	4.80e-47	174
1_NODE_2_length_680_cov_1.932007_REV	O5	91.736	121	10	0	186	306	716	836	2.23e-45	169
1_NODE_1_length_1995_cov_553.600104	C1	98.438	64	1	0	762	825	1	64	3.15e-28	113
sampleID:M0077-01-03092022-01966
1_NODE_1_length_2003_cov_741.821391	A1e	99.687	639	1	1	748	1386	1	638	0.0	1168
1_NODE_1_length_2003_cov_741.821391	M3	96.203	632	13	8	762	1386	198	825	0.0	1024
1_NODE_1_length_2003_cov_741.821391	O5	95.556	630	19	7	762	1386	211	836	0.0	1000
1_NODE_1_length_2003_cov_741.821391	C1	98.269	520	7	2	869	1386	53	572	0.0	909
1_NODE_2_length_1008_cov_831.731472_REV	A1e	99.744	391	1	0	1	391	248	638	0.0	717
1_NODE_2_length_1008_cov_831.731472_REV	M3	98.728	393	3	1	1	391	433	825	0.0	697
1_NODE_2_length_1008_cov_831.731472_REV	O5	98.465	391	6	0	1	391	446	836	0.0	689
1_NODE_1_length_1049_cov_746.476337_REV	A1e	99.669	302	0	1	748	1049	1	301	2.95e-160	551
1_NODE_1_length_2003_cov_741.821391	O5	93.460	367	12	11	748	1109	1	360	5.70e-155	534
1_NODE_1_length_2003_cov_741.821391	M3	91.553	367	8	11	748	1109	1	349	5.82e-140	484
sampleID:M0180-02-05192022-04492
1_NODE_1_length_1890_cov_577.998345	C1	100.000	572	0	0	627	1198	1	572	0.0	1057
1_NODE_1_length_1890_cov_577.998345	A1e	98.462	520	6	2	679	1198	121	638	0.0	915
1_NODE_1_length_1890_cov_577.998345	M3	98.088	523	6	3	679	1198	304	825	0.0	907
1_NODE_1_length_1890_cov_577.998345	O5	97.323	523	10	3	679	1198	315	836	0.0	885
1_NODE_2_length_565_cov_2.649590_REV	C1	94.540	348	14	4	104	450	227	570	5.71e-155	532
1_NODE_2_length_565_cov_2.649590_REV	A1e	93.678	348	17	4	104	450	293	636	5.75e-150	516
1_NODE_2_length_565_cov_2.649590_REV	O5	92.329	365	19	6	88	450	477	834	2.67e-148	510
1_NODE_7_length_155_cov_4.897436	C1	99.248	133	1	0	1	133	440	572	1.01e-67	241
1_NODE_7_length_155_cov_4.897436	O5	98.496	133	2	0	1	133	704	836	4.68e-66	235
1_NODE_3_length_436_cov_3.637883	O5	98.261	115	2	0	312	426	722	836	1.40e-55	202
sampleID:Z14
1_NODE_1_length_974_cov_43.542921	C1	100.000	572	0	0	276	847	1	572	0.0	1057
1_NODE_1_length_974_cov_43.542921	A1e	98.462	520	6	2	328	847	121	638	0.0	915
1_NODE_1_length_974_cov_43.542921	M3	98.088	523	6	3	328	847	304	825	0.0	907
1_NODE_1_length_974_cov_43.542921	O5	97.323	523	10	3	328	847	315	836	0.0	885
1_NODE_1_length_580_cov_40.787276	C1	100.000	281	0	0	1	281	292	572	4.56e-151	520
1_NODE_2_length_554_cov_40.341719_REV	C1	100.000	279	0	0	276	554	1	279	5.63e-150	516
1_NODE_1_length_580_cov_40.787276	M3	98.932	281	3	0	1	281	545	825	4.60e-146	503
1_NODE_1_length_580_cov_40.787276	A1e	98.577	281	4	0	1	281	358	638	2.14e-144	497
1_NODE_1_length_580_cov_40.787276	O5	98.221	281	5	0	1	281	556	836	9.95e-143	492
1_NODE_5_length_153_cov_1.552632_REV	C1	100.000	77	0	0	77	153	1	77	2.87e-38	143
sampleID:Z12
1_NODE_2_length_385_cov_42.087662	C1	99.149	235	1	1	152	385	1	235	8.69e-122	422
1_NODE_2_length_317_cov_54.954167_REV	M3	99.539	217	1	0	1	217	609	825	4.30e-114	396
1_NODE_2_length_317_cov_54.954167_REV	A1e	99.078	217	2	0	1	217	422	638	2.00e-112	390
1_NODE_2_length_317_cov_54.954167_REV	O5	98.618	217	3	0	1	217	620	836	9.31e-111	385
1_NODE_5_length_152_cov_3.946667_REV	O5	100.000	77	0	0	1	77	760	836	2.85e-38	143
1_NODE_6_length_152_cov_2.813333_REV	O5	100.000	74	0	0	1	74	763	836	1.33e-36	137
1_NODE_4_length_152_cov_5.213333_REV	O5	100.000	69	0	0	1	69	768	836	7.99e-34	128
1_NODE_10_length_151_cov_2.729730_REV	C1	100.000	67	0	0	85	151	1	67	1.03e-32	124
1_NODE_2_length_385_cov_42.087662	M3	100.000	64	0	0	152	215	1	64	1.28e-30	119
1_NODE_2_length_385_cov_42.087662	O5	98.438	64	0	1	152	215	1	63	2.14e-28	111
sampleID:Z6
1_NODE_1_length_1187_cov_19.785586	C1	99.301	572	3	1	338	908	1	572	0.0	1033
1_NODE_1_length_1187_cov_19.785586	A1e	98.651	519	6	1	390	908	121	638	0.0	918
1_NODE_1_length_1187_cov_19.785586	M3	98.467	522	5	2	390	908	304	825	0.0	917
1_NODE_1_length_1187_cov_19.785586	O5	97.318	522	11	2	390	908	315	836	0.0	883
1_NODE_3_length_152_cov_3.426667_REV	O5	100.000	77	0	0	1	77	760	836	2.85e-38	143
1_NODE_6_length_151_cov_2.459459_REV	O5	100.000	74	0	0	1	74	763	836	1.32e-36	137
1_NODE_5_length_151_cov_7.405405_REV	O5	100.000	71	0	0	75	145	766	836	6.13e-35	132
1_NODE_4_length_152_cov_3.093333_REV	O5	100.000	69	0	0	1	69	768	836	7.99e-34	128
1_NODE_1_length_1187_cov_19.785586	M3	100.000	64	0	0	338	401	1	64	4.02e-30	119
1_NODE_1_length_1187_cov_19.785586	O5	98.438	64	0	1	338	401	1	63	6.73e-28	111
sampleID:Z1-SK
1_NODE_1_length_1227_cov_17.895652	C1	99.301	572	3	1	333	903	1	572	0.0	1033
1_NODE_1_length_1227_cov_17.895652	A1e	98.651	519	6	1	385	903	121	638	0.0	918
1_NODE_1_length_1227_cov_17.895652	M3	98.467	522	5	2	385	903	304	825	0.0	917
1_NODE_1_length_1227_cov_17.895652	O5	97.318	522	11	2	385	903	315	836	0.0	883
1_NODE_4_length_153_cov_2.355263_REV	O5	100.000	69	0	0	1	69	768	836	8.05e-34	128
1_NODE_1_length_1227_cov_17.895652	M3	100.000	64	0	0	333	396	1	64	4.16e-30	119
1_NODE_1_length_1227_cov_17.895652	O5	98.438	64	0	1	333	396	1	63	6.95e-28	111
1_NODE_3_length_153_cov_2.460526_REV	O5	100.000	56	0	0	77	132	781	836	1.36e-26	104
sampleID:Z7
1_NODE_1_length_1126_cov_161.068637_REV	C1	100.000	572	0	0	276	847	1	572	0.0	1057
1_NODE_1_length_567_cov_120.128571_REV	C1	100.000	567	0	0	1	567	3	569	0.0	1048
1_NODE_1_length_1126_cov_161.068637_REV	A1e	98.462	520	6	2	328	847	121	638	0.0	915
1_NODE_1_length_567_cov_120.128571_REV	A1e	98.453	517	6	2	51	567	121	635	0.0	909
1_NODE_1_length_1126_cov_161.068637_REV	M3	98.088	523	6	3	328	847	304	825	0.0	907
1_NODE_1_length_567_cov_120.128571_REV	M3	98.077	520	6	3	51	567	304	822	0.0	902
1_NODE_1_length_1126_cov_161.068637_REV	O5	97.323	523	10	3	328	847	315	836	0.0	885
1_NODE_1_length_567_cov_120.128571_REV	O5	97.308	520	10	3	51	567	315	833	0.0	880
1_NODE_2_length_359_cov_164.932624_REV	O5	100.000	80	0	0	1	80	757	836	1.51e-39	148
1_NODE_3_length_354_cov_213.101083	C1	100.000	79	0	0	276	354	1	79	5.37e-39	147
sampleID:P1
1_NODE_1_length_473_cov_7.398990	C1	100.000	198	0	0	276	473	1	198	5.11e-105	366
1_NODE_1_length_817_cov_6.758108_REV	C1	100.000	78	0	0	276	353	1	78	4.54e-38	145
1_NODE_2_length_312_cov_7.353191_REV	O5	100.000	66	0	0	1	66	771	836	7.93e-32	122
1_NODE_1_length_817_cov_6.758108_REV	M3	100.000	64	0	0	276	339	1	64	2.75e-30	119
1_NODE_1_length_817_cov_6.758108_REV	O5	98.438	64	0	1	276	339	1	63	4.60e-28	111
1_NODE_2_length_312_cov_7.353191_REV	O5	100.000	42	0	0	268	309	795	836	1.74e-18	78.7
sampleID:F2-SK
1_NODE_1_length_1236_cov_22.046592_REV	C1	100.000	572	0	0	276	847	1	572	0.0	1057
1_NODE_1_length_1236_cov_22.046592_REV	A1e	98.462	520	6	2	328	847	121	638	0.0	915
1_NODE_1_length_1236_cov_22.046592_REV	M3	98.088	523	6	3	328	847	304	825	0.0	907
1_NODE_1_length_1236_cov_22.046592_REV	O5	97.323	523	10	3	328	847	315	836	0.0	885
1_NODE_1_length_1236_cov_22.046592_REV	M3	100.000	64	0	0	276	339	1	64	4.19e-30	119
1_NODE_1_length_1236_cov_22.046592_REV	O5	98.438	64	0	1	276	339	1	63	7.01e-28	111
sampleID:Z11
1_NODE_2_length_310_cov_14.969957	C1	100.000	203	0	0	1	203	370	572	5.48e-108	375
1_NODE_2_length_310_cov_14.969957	M3	99.015	203	2	0	1	203	623	825	1.19e-104	364
1_NODE_2_length_310_cov_14.969957	A1e	98.522	203	3	0	1	203	436	638	5.52e-103	359
1_NODE_2_length_310_cov_14.969957	O5	98.030	203	4	0	1	203	634	836	2.57e-101	353
1_NODE_1_length_506_cov_6.377622_REV	C1	100.000	78	0	0	338	415	1	78	2.79e-38	145
1_NODE_1_length_506_cov_6.377622_REV	M3	100.000	64	0	0	338	401	1	64	1.69e-30	119
1_NODE_1_length_506_cov_6.377622_REV	O5	98.438	64	0	1	338	401	1	63	2.83e-28	111
