running mitotypes: 1 - 1
    CA23CY01 building library (atram)...
    CA23CY01 creating contigs (atram)...
ERR : CA23CY01 aTRAM_Failed!
FINISHED mitotypes: 1 - 1
running mitotypes: 3 - 3
    CA23CY03 building library (atram)...
    CA23CY03 creating contigs (atram)...
running mitotypes: 7 - 7
    CA23CY07 building library (atram)...
running mitotypes: 6 - 6
running mitotypes: 4 - 4
    CA23CY04 building library (atram)...
    CA23CY06 building library (atram)...
running mitotypes: 8 - 8
running mitotypes: 5 - 5
    CA23CY08 building library (atram)...
    CA23CY05 building library (atram)...
running mitotypes: 1 - 1
running mitotypes: 2 - 2
    CA23CY02 building library (atram)...
    CA23CY01 building library (atram)...
    CA23CY06 creating contigs (atram)...
    CA23CY08 creating contigs (atram)...
    CA23CY04 creating contigs (atram)...
    CA23CY07 creating contigs (atram)...
    CA23CY05 creating contigs (atram)...
    CA23CY03 aligning contigs to hooks (blast)...
    CA23CY03 FINISHED
FINISHED mitotypes: 3 - 3
    CA23CY05 aligning contigs to hooks (blast)...
    CA23CY05 FINISHED
FINISHED mitotypes: 5 - 5
    CA23CY04 aligning contigs to hooks (blast)...
    CA23CY04 FINISHED
FINISHED mitotypes: 4 - 4
    CA23CY06 aligning contigs to hooks (blast)...
    CA23CY06 FINISHED
FINISHED mitotypes: 6 - 6
    CA23CY02 creating contigs (atram)...
    CA23CY07 aligning contigs to hooks (blast)...
    CA23CY07 FINISHED
FINISHED mitotypes: 7 - 7
    CA23CY08 aligning contigs to hooks (blast)...
    CA23CY08 FINISHED
FINISHED mitotypes: 8 - 8
    CA23CY01 creating contigs (atram)...
    CA23CY02 aligning contigs to hooks (blast)...
    CA23CY02 FINISHED
FINISHED mitotypes: 2 - 2
    CA23CY01 aligning contigs to hooks (blast)...
    CA23CY01 FINISHED
FINISHED mitotypes: 1 - 1
