Mon Dec 11 14:57:26 EST 2023
Mon Dec 11 14:57:26 EST 2023
User guides for each biocontainer module can be found in
https://www.rcac.purdue.edu/knowledge/biocontainers 
User guides for each biocontainer module can be found in
https://www.rcac.purdue.edu/knowledge/biocontainers 
1 1
2 2
INFO:    fuse: warning: library too old, some operations may not work
INFO:    fuse: warning: library too old, some operations may not work
( 2942331) 2023-12-11 14:53:58.420919 INFO : All 50 blast results completed
( 2942331) 2023-12-11 14:53:58.693697 INFO : 3853 blast hits in iteration 1
( 2942331) 2023-12-11 14:53:58.693753 INFO : Writing assembler input files: iteration 1
( 2942331) 2023-12-11 14:57:51.558937 INFO : Assembling shards with spades: iteration 1
( 2942331) 2023-12-11 14:59:03.497221 INFO : Saving assembled contigs: iteration 1
( 2942331) 2023-12-11 14:59:09.032936 INFO : Creating new query files: iteration 1
( 2942331) 2023-12-11 14:59:09.102210 INFO : All iterations completed
( 2942331) 2023-12-11 14:59:09.102903 INFO : Writing 1 filtered contigs after iteration 1
( 2942331) 2023-12-11 14:59:09.105177 INFO : 1 total contigs after iteration 1
( 2942331) 2023-12-11 14:59:10.206062 INFO : ################################################################################
( 2942331) 2023-12-11 14:59:10.206246 INFO : aTRAM version: v2.4.3
( 2942331) 2023-12-11 14:59:10.206292 INFO : Python version: 3.9.7 (default, Sep 16 2021, 13:09:58) [GCC 7.5.0]
( 2942331) 2023-12-11 14:59:10.206327 INFO : /opt/aTRAM/atram.py -b ./lib/CA23CY03 -Q /home/dryals/ryals/ahb/AHB_markers.fasta -i 1 --cpus 4 -a spades --length 100 --fraction 1.0 --log-file CA23CY03log -o ./out/CA23CY03 -t ./tmp --bit-score 100
( 2942331) 2023-12-11 14:59:10.206408 INFO : aTRAM blast DB = "./lib/CA23CY03", query = "AHB_markers_A1e_2.fasta", iteration 1
( 2942331) 2023-12-11 14:59:10.206849 INFO : Blasting query against shards: iteration 1
( 1907793) 2023-12-11 14:57:20.643410 INFO : ################################################################################
( 1907793) 2023-12-11 14:57:20.643435 INFO : aTRAM version: v2.4.3
( 1907793) 2023-12-11 14:57:20.643444 INFO : Python version: 3.9.7 (default, Sep 16 2021, 13:09:58) [GCC 7.5.0]
( 1907793) 2023-12-11 14:57:20.643450 INFO : /opt/aTRAM/atram_preprocessor.py --cpus 4 -b ./lib/CA23CY06 --end-1 fd3fec1b-0853-47f6-86fe-d5cdd8e54f39_R1.fastq.gz --end-2 fd3fec1b-0853-47f6-86fe-d5cdd8e54f39_R2.fastq.gz -t ./tmp --gzip -s 50
( 1907793) 2023-12-11 14:57:28.222333 INFO : Loading "fd3fec1b-0853-47f6-86fe-d5cdd8e54f39_R1.fastq.gz" into sqlite database
( 1907793) 2023-12-11 14:58:11.034138 INFO : Loading "fd3fec1b-0853-47f6-86fe-d5cdd8e54f39_R2.fastq.gz" into sqlite database
( 1907793) 2023-12-11 14:59:24.871230 INFO : Creating an index for the sequence table
( 1907793) 2023-12-11 14:59:42.619490 INFO : Assigning sequences to shards
( 1907793) 2023-12-11 14:59:45.521992 INFO : Making blast DBs
( 1907885) 2023-12-11 14:57:20.907211 INFO : ################################################################################
( 1907885) 2023-12-11 14:57:20.907240 INFO : aTRAM version: v2.4.3
( 1907885) 2023-12-11 14:57:20.907250 INFO : Python version: 3.9.7 (default, Sep 16 2021, 13:09:58) [GCC 7.5.0]
( 1907885) 2023-12-11 14:57:20.907256 INFO : /opt/aTRAM/atram_preprocessor.py --cpus 4 -b ./lib/CA23CY05 --end-1 1f9cdac6-7d14-443b-862b-365009e39880_R1.fastq.gz --end-2 1f9cdac6-7d14-443b-862b-365009e39880_R2.fastq.gz -t ./tmp --gzip -s 50
( 1907885) 2023-12-11 14:57:21.980545 INFO : Loading "1f9cdac6-7d14-443b-862b-365009e39880_R1.fastq.gz" into sqlite database
( 1907885) 2023-12-11 14:58:07.365600 INFO : Loading "1f9cdac6-7d14-443b-862b-365009e39880_R2.fastq.gz" into sqlite database
( 1907885) 2023-12-11 14:59:50.264803 INFO : Creating an index for the sequence table
( 1907885) 2023-12-11 15:01:08.902951 INFO : Assigning sequences to shards
( 1907885) 2023-12-11 15:01:49.798230 INFO : Making blast DBs
( 1907886) 2023-12-11 14:57:20.907398 INFO : ################################################################################
( 1907886) 2023-12-11 14:57:20.907430 INFO : aTRAM version: v2.4.3
( 1907886) 2023-12-11 14:57:20.907439 INFO : Python version: 3.9.7 (default, Sep 16 2021, 13:09:58) [GCC 7.5.0]
( 1907886) 2023-12-11 14:57:20.907445 INFO : /opt/aTRAM/atram_preprocessor.py --cpus 4 -b ./lib/CA23CY08 --end-1 1d9661d4-6fcc-444f-9733-a707586040cb_R1.fastq.gz --end-2 1d9661d4-6fcc-444f-9733-a707586040cb_R2.fastq.gz -t ./tmp --gzip -s 50
( 1907886) 2023-12-11 14:57:28.222343 INFO : Loading "1d9661d4-6fcc-444f-9733-a707586040cb_R1.fastq.gz" into sqlite database
( 1907886) 2023-12-11 14:58:59.419687 INFO : Loading "1d9661d4-6fcc-444f-9733-a707586040cb_R2.fastq.gz" into sqlite database
( 1907886) 2023-12-11 15:01:50.310448 INFO : Creating an index for the sequence table
( 1907886) 2023-12-11 15:02:38.446611 INFO : Assigning sequences to shards
( 1907886) 2023-12-11 15:02:42.978613 INFO : Making blast DBs
( 2942331) 2023-12-11 15:01:58.949687 INFO : All 50 blast results completed
( 2942331) 2023-12-11 15:01:58.986470 INFO : 3485 blast hits in iteration 1
( 2942331) 2023-12-11 15:01:58.986542 INFO : Writing assembler input files: iteration 1
( 2942331) 2023-12-11 15:04:51.430369 INFO : Assembling shards with spades: iteration 1
( 2942331) 2023-12-11 15:05:19.120262 INFO : Saving assembled contigs: iteration 1
( 2942331) 2023-12-11 15:05:20.915102 INFO : Creating new query files: iteration 1
( 2942331) 2023-12-11 15:05:20.986742 INFO : All iterations completed
( 2942331) 2023-12-11 15:05:20.987408 INFO : Writing 1 filtered contigs after iteration 1
( 2942331) 2023-12-11 15:05:20.989544 INFO : 1 total contigs after iteration 1
( 2942331) 2023-12-11 15:05:34.263299 INFO : ################################################################################
( 2942331) 2023-12-11 15:05:34.263553 INFO : aTRAM version: v2.4.3
( 2942331) 2023-12-11 15:05:34.263593 INFO : Python version: 3.9.7 (default, Sep 16 2021, 13:09:58) [GCC 7.5.0]
( 2942331) 2023-12-11 15:05:34.263625 INFO : /opt/aTRAM/atram.py -b ./lib/CA23CY03 -Q /home/dryals/ryals/ahb/AHB_markers.fasta -i 1 --cpus 4 -a spades --length 100 --fraction 1.0 --log-file CA23CY03log -o ./out/CA23CY03 -t ./tmp --bit-score 100
( 2942331) 2023-12-11 15:05:34.263691 INFO : aTRAM blast DB = "./lib/CA23CY03", query = "AHB_markers_M3_3.fasta", iteration 1
( 2942331) 2023-12-11 15:05:34.264103 INFO : Blasting query against shards: iteration 1
( 1907793) 2023-12-11 15:05:57.605000 INFO : Finished making all 50 blast DBs
INFO:    fuse: warning: library too old, some operations may not work
( 1924329) 2023-12-11 15:05:59.857194 INFO : ################################################################################
( 1924329) 2023-12-11 15:05:59.857741 INFO : aTRAM version: v2.4.3
( 1924329) 2023-12-11 15:05:59.857789 INFO : Python version: 3.9.7 (default, Sep 16 2021, 13:09:58) [GCC 7.5.0]
( 1924329) 2023-12-11 15:05:59.857817 INFO : /opt/aTRAM/atram.py -b ./lib/CA23CY06 -Q /home/dryals/ryals/ahb/AHB_markers.fasta -i 1 --cpus 4 -a spades --length 100 --fraction 1.0 --log-file CA23CY06log -o ./out/CA23CY06 -t ./tmp --bit-score 100
( 1924329) 2023-12-11 15:05:59.857880 INFO : aTRAM blast DB = "./lib/CA23CY06", query = "AHB_markers_C1_1.fasta", iteration 1
( 1924329) 2023-12-11 15:05:59.858262 INFO : Blasting query against shards: iteration 1
( 1907776) 2023-12-11 14:57:20.657427 INFO : ################################################################################
( 1907776) 2023-12-11 14:57:20.657456 INFO : aTRAM version: v2.4.3
( 1907776) 2023-12-11 14:57:20.657467 INFO : Python version: 3.9.7 (default, Sep 16 2021, 13:09:58) [GCC 7.5.0]
( 1907776) 2023-12-11 14:57:20.657475 INFO : /opt/aTRAM/atram_preprocessor.py --cpus 4 -b ./lib/CA23CY04 --end-1 2f435c1a-21ed-4cc6-8ab7-78cca7b57226_R1.fastq.gz --end-2 2f435c1a-21ed-4cc6-8ab7-78cca7b57226_R2.fastq.gz -t ./tmp --gzip -s 50
( 1907776) 2023-12-11 14:57:34.290628 INFO : Loading "2f435c1a-21ed-4cc6-8ab7-78cca7b57226_R1.fastq.gz" into sqlite database
( 1907776) 2023-12-11 15:01:48.951108 INFO : Loading "2f435c1a-21ed-4cc6-8ab7-78cca7b57226_R2.fastq.gz" into sqlite database
( 1907776) 2023-12-11 15:05:52.931361 INFO : Creating an index for the sequence table
( 1907776) 2023-12-11 15:06:36.343469 INFO : Assigning sequences to shards
( 1907776) 2023-12-11 15:06:41.074997 INFO : Making blast DBs
( 1907712) 2023-12-11 14:57:20.814736 INFO : ################################################################################
( 1907712) 2023-12-11 14:57:20.814785 INFO : aTRAM version: v2.4.3
( 1907712) 2023-12-11 14:57:20.814802 INFO : Python version: 3.9.7 (default, Sep 16 2021, 13:09:58) [GCC 7.5.0]
( 1907712) 2023-12-11 14:57:20.814813 INFO : /opt/aTRAM/atram_preprocessor.py --cpus 4 -b ./lib/CA23CY07 --end-1 c8773c02-0197-46fd-a854-8d9331f0f049_R1.fastq.gz --end-2 c8773c02-0197-46fd-a854-8d9331f0f049_R2.fastq.gz -t ./tmp --gzip -s 50
( 1907712) 2023-12-11 14:57:34.290411 INFO : Loading "c8773c02-0197-46fd-a854-8d9331f0f049_R1.fastq.gz" into sqlite database
( 1907712) 2023-12-11 15:01:51.677302 INFO : Loading "c8773c02-0197-46fd-a854-8d9331f0f049_R2.fastq.gz" into sqlite database
( 1907712) 2023-12-11 15:05:48.940268 INFO : Creating an index for the sequence table
( 1907712) 2023-12-11 15:06:46.240680 INFO : Assigning sequences to shards
( 1907712) 2023-12-11 15:06:49.907376 INFO : Making blast DBs
( 1907886) 2023-12-11 15:08:13.789461 INFO : Finished making all 50 blast DBs
INFO:    fuse: warning: library too old, some operations may not work
( 1907776) 2023-12-11 15:08:19.925930 INFO : Finished making all 50 blast DBs
( 1907712) 2023-12-11 15:08:20.761514 INFO : Finished making all 50 blast DBs
INFO:    fuse: warning: library too old, some operations may not work
INFO:    fuse: warning: library too old, some operations may not work
( 1925111) 2023-12-11 15:08:26.420459 INFO : ################################################################################
( 1925111) 2023-12-11 15:08:26.420928 INFO : aTRAM version: v2.4.3
( 1925111) 2023-12-11 15:08:26.420964 INFO : Python version: 3.9.7 (default, Sep 16 2021, 13:09:58) [GCC 7.5.0]
( 1925111) 2023-12-11 15:08:26.420989 INFO : /opt/aTRAM/atram.py -b ./lib/CA23CY04 -Q /home/dryals/ryals/ahb/AHB_markers.fasta -i 1 --cpus 4 -a spades --length 100 --fraction 1.0 --log-file CA23CY04log -o ./out/CA23CY04 -t ./tmp --bit-score 100
( 1925111) 2023-12-11 15:08:26.421038 INFO : aTRAM blast DB = "./lib/CA23CY04", query = "AHB_markers_C1_1.fasta", iteration 1
( 1925111) 2023-12-11 15:08:26.421424 INFO : Blasting query against shards: iteration 1
( 1925159) 2023-12-11 15:08:31.076888 INFO : ################################################################################
( 1925159) 2023-12-11 15:08:31.077334 INFO : aTRAM version: v2.4.3
( 1925159) 2023-12-11 15:08:31.077372 INFO : Python version: 3.9.7 (default, Sep 16 2021, 13:09:58) [GCC 7.5.0]
( 1925159) 2023-12-11 15:08:31.077398 INFO : /opt/aTRAM/atram.py -b ./lib/CA23CY07 -Q /home/dryals/ryals/ahb/AHB_markers.fasta -i 1 --cpus 4 -a spades --length 100 --fraction 1.0 --log-file CA23CY07log -o ./out/CA23CY07 -t ./tmp --bit-score 100
( 1925159) 2023-12-11 15:08:31.077452 INFO : aTRAM blast DB = "./lib/CA23CY07", query = "AHB_markers_C1_1.fasta", iteration 1
( 1925159) 2023-12-11 15:08:31.077861 INFO : Blasting query against shards: iteration 1
( 1925058) 2023-12-11 15:08:33.102018 INFO : ################################################################################
( 1925058) 2023-12-11 15:08:33.102488 INFO : aTRAM version: v2.4.3
( 1925058) 2023-12-11 15:08:33.102526 INFO : Python version: 3.9.7 (default, Sep 16 2021, 13:09:58) [GCC 7.5.0]
( 1925058) 2023-12-11 15:08:33.102552 INFO : /opt/aTRAM/atram.py -b ./lib/CA23CY08 -Q /home/dryals/ryals/ahb/AHB_markers.fasta -i 1 --cpus 4 -a spades --length 100 --fraction 1.0 --log-file CA23CY08log -o ./out/CA23CY08 -t ./tmp --bit-score 100
( 1925058) 2023-12-11 15:08:33.102606 INFO : aTRAM blast DB = "./lib/CA23CY08", query = "AHB_markers_C1_1.fasta", iteration 1
( 1925058) 2023-12-11 15:08:33.103006 INFO : Blasting query against shards: iteration 1
( 1908613) 2023-12-11 14:57:26.808596 INFO : ################################################################################
( 1908613) 2023-12-11 14:57:26.808618 INFO : aTRAM version: v2.4.3
( 1908613) 2023-12-11 14:57:26.808627 INFO : Python version: 3.9.7 (default, Sep 16 2021, 13:09:58) [GCC 7.5.0]
( 1908613) 2023-12-11 14:57:26.808633 INFO : /opt/aTRAM/atram_preprocessor.py --cpus 4 -b ./lib/CA23CY02 --end-1 B4620C_R1.fq.gz --end-2 B4620C_R2.fq.gz -t ./tmp --gzip -s 50
( 1908613) 2023-12-11 14:57:26.951776 INFO : Loading "B4620C_R1.fq.gz" into sqlite database
( 1908613) 2023-12-11 15:04:21.576607 INFO : Loading "B4620C_R2.fq.gz" into sqlite database
( 1908613) 2023-12-11 15:08:01.202564 INFO : Creating an index for the sequence table
( 1908613) 2023-12-11 15:09:23.027956 INFO : Assigning sequences to shards
( 1908613) 2023-12-11 15:10:00.998434 INFO : Making blast DBs
( 1925111) 2023-12-11 15:09:17.175063 INFO : All 50 blast results completed
( 1925111) 2023-12-11 15:09:17.177204 INFO : 3313 blast hits in iteration 1
( 1925111) 2023-12-11 15:09:17.177246 INFO : Writing assembler input files: iteration 1
( 1925111) 2023-12-11 15:10:02.851100 INFO : Assembling shards with spades: iteration 1
( 1925111) 2023-12-11 15:10:43.671914 INFO : Saving assembled contigs: iteration 1
( 1925111) 2023-12-11 15:10:48.985355 INFO : Creating new query files: iteration 1
( 1925111) 2023-12-11 15:10:49.046561 INFO : All iterations completed
( 1925111) 2023-12-11 15:10:49.047174 INFO : Writing 3 filtered contigs after iteration 1
( 1925111) 2023-12-11 15:10:49.049478 INFO : 3 total contigs after iteration 1
( 1925111) 2023-12-11 15:10:49.158181 INFO : ################################################################################
( 1925111) 2023-12-11 15:10:49.158324 INFO : aTRAM version: v2.4.3
( 1925111) 2023-12-11 15:10:49.158356 INFO : Python version: 3.9.7 (default, Sep 16 2021, 13:09:58) [GCC 7.5.0]
( 1925111) 2023-12-11 15:10:49.158379 INFO : /opt/aTRAM/atram.py -b ./lib/CA23CY04 -Q /home/dryals/ryals/ahb/AHB_markers.fasta -i 1 --cpus 4 -a spades --length 100 --fraction 1.0 --log-file CA23CY04log -o ./out/CA23CY04 -t ./tmp --bit-score 100
( 1925111) 2023-12-11 15:10:49.158423 INFO : aTRAM blast DB = "./lib/CA23CY04", query = "AHB_markers_A1e_2.fasta", iteration 1
( 1925111) 2023-12-11 15:10:49.158837 INFO : Blasting query against shards: iteration 1
( 1907885) 2023-12-11 15:12:00.031245 INFO : Finished making all 50 blast DBs
INFO:    fuse: warning: library too old, some operations may not work
( 1932362) 2023-12-11 15:12:01.537229 INFO : ################################################################################
( 1932362) 2023-12-11 15:12:01.537674 INFO : aTRAM version: v2.4.3
( 1932362) 2023-12-11 15:12:01.537707 INFO : Python version: 3.9.7 (default, Sep 16 2021, 13:09:58) [GCC 7.5.0]
( 1932362) 2023-12-11 15:12:01.537729 INFO : /opt/aTRAM/atram.py -b ./lib/CA23CY05 -Q /home/dryals/ryals/ahb/AHB_markers.fasta -i 1 --cpus 4 -a spades --length 100 --fraction 1.0 --log-file CA23CY05log -o ./out/CA23CY05 -t ./tmp --bit-score 100
( 1932362) 2023-12-11 15:12:01.537769 INFO : aTRAM blast DB = "./lib/CA23CY05", query = "AHB_markers_C1_1.fasta", iteration 1
( 1932362) 2023-12-11 15:12:01.538147 INFO : Blasting query against shards: iteration 1
( 2942331) 2023-12-11 15:09:36.549950 INFO : All 50 blast results completed
( 2942331) 2023-12-11 15:09:36.551254 INFO : 3485 blast hits in iteration 1
( 2942331) 2023-12-11 15:09:36.551302 INFO : Writing assembler input files: iteration 1
( 2942331) 2023-12-11 15:11:23.935070 INFO : Assembling shards with spades: iteration 1
( 2942331) 2023-12-11 15:12:04.954523 INFO : Saving assembled contigs: iteration 1
( 2942331) 2023-12-11 15:12:07.860461 INFO : Creating new query files: iteration 1
( 2942331) 2023-12-11 15:12:07.929516 INFO : All iterations completed
( 2942331) 2023-12-11 15:12:07.930165 INFO : Writing 1 filtered contigs after iteration 1
( 2942331) 2023-12-11 15:12:07.932406 INFO : 1 total contigs after iteration 1
( 2942331) 2023-12-11 15:12:12.555312 INFO : ################################################################################
( 2942331) 2023-12-11 15:12:12.555506 INFO : aTRAM version: v2.4.3
( 2942331) 2023-12-11 15:12:12.555545 INFO : Python version: 3.9.7 (default, Sep 16 2021, 13:09:58) [GCC 7.5.0]
( 2942331) 2023-12-11 15:12:12.555581 INFO : /opt/aTRAM/atram.py -b ./lib/CA23CY03 -Q /home/dryals/ryals/ahb/AHB_markers.fasta -i 1 --cpus 4 -a spades --length 100 --fraction 1.0 --log-file CA23CY03log -o ./out/CA23CY03 -t ./tmp --bit-score 100
( 2942331) 2023-12-11 15:12:12.555650 INFO : aTRAM blast DB = "./lib/CA23CY03", query = "AHB_markers_O5_4.fasta", iteration 1
( 2942331) 2023-12-11 15:12:12.556023 INFO : Blasting query against shards: iteration 1
( 1925159) 2023-12-11 15:09:22.495191 INFO : All 50 blast results completed
( 1925159) 2023-12-11 15:09:22.502817 INFO : 2776 blast hits in iteration 1
( 1925159) 2023-12-11 15:09:22.502880 INFO : Writing assembler input files: iteration 1
( 1925159) 2023-12-11 15:12:56.534548 INFO : Assembling shards with spades: iteration 1
( 1925159) 2023-12-11 15:13:42.555627 INFO : Saving assembled contigs: iteration 1
( 1925159) 2023-12-11 15:13:43.596199 INFO : Creating new query files: iteration 1
( 1925159) 2023-12-11 15:13:43.669805 INFO : All iterations completed
( 1925159) 2023-12-11 15:13:43.670426 INFO : Writing 3 filtered contigs after iteration 1
( 1925159) 2023-12-11 15:13:43.672747 INFO : 3 total contigs after iteration 1
( 1925159) 2023-12-11 15:13:43.867255 INFO : ################################################################################
( 1925159) 2023-12-11 15:13:43.867435 INFO : aTRAM version: v2.4.3
( 1925159) 2023-12-11 15:13:43.867491 INFO : Python version: 3.9.7 (default, Sep 16 2021, 13:09:58) [GCC 7.5.0]
( 1925159) 2023-12-11 15:13:43.867524 INFO : /opt/aTRAM/atram.py -b ./lib/CA23CY07 -Q /home/dryals/ryals/ahb/AHB_markers.fasta -i 1 --cpus 4 -a spades --length 100 --fraction 1.0 --log-file CA23CY07log -o ./out/CA23CY07 -t ./tmp --bit-score 100
( 1925159) 2023-12-11 15:13:43.867574 INFO : aTRAM blast DB = "./lib/CA23CY07", query = "AHB_markers_A1e_2.fasta", iteration 1
( 1925159) 2023-12-11 15:13:43.867985 INFO : Blasting query against shards: iteration 1
( 1908604) 2023-12-11 14:57:26.808908 INFO : ################################################################################
( 1908604) 2023-12-11 14:57:26.808932 INFO : aTRAM version: v2.4.3
( 1908604) 2023-12-11 14:57:26.808941 INFO : Python version: 3.9.7 (default, Sep 16 2021, 13:09:58) [GCC 7.5.0]
( 1908604) 2023-12-11 14:57:26.808947 INFO : /opt/aTRAM/atram_preprocessor.py --cpus 4 -b ./lib/CA23CY01 --end-1 R35_R1.fq.gz --end-2 R35_R2.fq.gz -t ./tmp --gzip -s 50
( 1908604) 2023-12-11 14:57:26.945811 INFO : Loading "R35_R1.fq.gz" into sqlite database
( 1908604) 2023-12-11 15:04:21.861313 INFO : Loading "R35_R2.fq.gz" into sqlite database
( 1908604) 2023-12-11 15:09:54.127682 INFO : Creating an index for the sequence table
( 1908604) 2023-12-11 15:13:43.297510 INFO : Assigning sequences to shards
( 1908604) 2023-12-11 15:13:59.778336 INFO : Making blast DBs
( 2942331) 2023-12-11 15:13:25.321134 INFO : All 50 blast results completed
( 2942331) 2023-12-11 15:13:25.322476 INFO : 3485 blast hits in iteration 1
( 2942331) 2023-12-11 15:13:25.322536 INFO : Writing assembler input files: iteration 1
( 2942331) 2023-12-11 15:13:25.441711 INFO : Assembling shards with spades: iteration 1
( 2942331) 2023-12-11 15:14:14.278004 INFO : Saving assembled contigs: iteration 1
( 2942331) 2023-12-11 15:14:32.265587 INFO : Creating new query files: iteration 1
( 2942331) 2023-12-11 15:14:33.099768 INFO : All iterations completed
( 2942331) 2023-12-11 15:14:33.100533 INFO : Writing 1 filtered contigs after iteration 1
( 2942331) 2023-12-11 15:14:33.102586 INFO : 1 total contigs after iteration 1
( 1924329) 2023-12-11 15:14:35.081752 INFO : ################################################################################
( 1924329) 2023-12-11 15:14:35.081932 INFO : aTRAM version: v2.4.3
( 1924329) 2023-12-11 15:14:35.081974 INFO : Python version: 3.9.7 (default, Sep 16 2021, 13:09:58) [GCC 7.5.0]
( 1924329) 2023-12-11 15:14:35.082006 INFO : /opt/aTRAM/atram.py -b ./lib/CA23CY06 -Q /home/dryals/ryals/ahb/AHB_markers.fasta -i 1 --cpus 4 -a spades --length 100 --fraction 1.0 --log-file CA23CY06log -o ./out/CA23CY06 -t ./tmp --bit-score 100
( 1924329) 2023-12-11 15:14:35.082070 INFO : aTRAM blast DB = "./lib/CA23CY06", query = "AHB_markers_A1e_2.fasta", iteration 1
( 1924329) 2023-12-11 15:14:35.082557 INFO : Blasting query against shards: iteration 1
INFO:    fuse: warning: library too old, some operations may not work
INFO:    underlay of /etc/localtime required more than 50 (70) bind mounts


Building a new DB, current time: 12/11/2023 15:14:36
New DB name:   /scratch/negishi/dryals/ahb/fastq/CA23CY03/04b99f67-361c-4fcb-895a-d6c34f843fd0/lib/blast_db
New DB title:  /home/dryals/ryals/ahb/AHB_markers.fasta
Sequence type: Nucleotide
Keep MBits: T
Maximum file size: 3000000000B
Adding sequences from FASTA; added 4 sequences in 0.822241 seconds.


INFO:    fuse: warning: library too old, some operations may not work
INFO:    underlay of /etc/localtime required more than 50 (70) bind mounts
INFO:    fuse: warning: library too old, some operations may not work
INFO:    underlay of /etc/localtime required more than 50 (70) bind mounts
INFO:    fuse: warning: library too old, some operations may not work
INFO:    underlay of /etc/localtime required more than 50 (70) bind mounts
INFO:    fuse: warning: library too old, some operations may not work
INFO:    underlay of /etc/localtime required more than 50 (70) bind mounts
Mon Dec 11 15:15:05 EST 2023
( 1925111) 2023-12-11 15:13:43.532640 INFO : All 50 blast results completed
( 1925111) 2023-12-11 15:13:43.538136 INFO : 3090 blast hits in iteration 1
( 1925111) 2023-12-11 15:13:43.538202 INFO : Writing assembler input files: iteration 1
( 1925111) 2023-12-11 15:15:19.740270 INFO : Assembling shards with spades: iteration 1
( 1925111) 2023-12-11 15:15:50.852160 INFO : Saving assembled contigs: iteration 1
( 1925111) 2023-12-11 15:15:51.670630 INFO : Creating new query files: iteration 1
( 1925111) 2023-12-11 15:15:51.727153 INFO : All iterations completed
( 1925111) 2023-12-11 15:15:51.727874 INFO : Writing 2 filtered contigs after iteration 1
( 1925111) 2023-12-11 15:15:51.730350 INFO : 2 total contigs after iteration 1
( 1925111) 2023-12-11 15:15:51.779514 INFO : ################################################################################
( 1925111) 2023-12-11 15:15:51.779664 INFO : aTRAM version: v2.4.3
( 1925111) 2023-12-11 15:15:51.779700 INFO : Python version: 3.9.7 (default, Sep 16 2021, 13:09:58) [GCC 7.5.0]
( 1925111) 2023-12-11 15:15:51.779732 INFO : /opt/aTRAM/atram.py -b ./lib/CA23CY04 -Q /home/dryals/ryals/ahb/AHB_markers.fasta -i 1 --cpus 4 -a spades --length 100 --fraction 1.0 --log-file CA23CY04log -o ./out/CA23CY04 -t ./tmp --bit-score 100
( 1925111) 2023-12-11 15:15:51.779805 INFO : aTRAM blast DB = "./lib/CA23CY04", query = "AHB_markers_M3_3.fasta", iteration 1
( 1925111) 2023-12-11 15:15:51.780206 INFO : Blasting query against shards: iteration 1
( 1932362) 2023-12-11 15:14:11.368444 INFO : All 50 blast results completed
( 1932362) 2023-12-11 15:14:11.369946 INFO : 3035 blast hits in iteration 1
( 1932362) 2023-12-11 15:14:11.369988 INFO : Writing assembler input files: iteration 1
( 1932362) 2023-12-11 15:16:34.316326 INFO : Assembling shards with spades: iteration 1
( 1932362) 2023-12-11 15:16:51.059197 INFO : Saving assembled contigs: iteration 1
( 1932362) 2023-12-11 15:16:51.879013 INFO : Creating new query files: iteration 1
( 1932362) 2023-12-11 15:16:51.934006 INFO : All iterations completed
( 1932362) 2023-12-11 15:16:51.934553 INFO : Writing 2 filtered contigs after iteration 1
( 1932362) 2023-12-11 15:16:51.936457 INFO : 2 total contigs after iteration 1
( 1932362) 2023-12-11 15:16:51.998260 INFO : ################################################################################
( 1932362) 2023-12-11 15:16:51.998394 INFO : aTRAM version: v2.4.3
( 1932362) 2023-12-11 15:16:51.998426 INFO : Python version: 3.9.7 (default, Sep 16 2021, 13:09:58) [GCC 7.5.0]
( 1932362) 2023-12-11 15:16:51.998449 INFO : /opt/aTRAM/atram.py -b ./lib/CA23CY05 -Q /home/dryals/ryals/ahb/AHB_markers.fasta -i 1 --cpus 4 -a spades --length 100 --fraction 1.0 --log-file CA23CY05log -o ./out/CA23CY05 -t ./tmp --bit-score 100
( 1932362) 2023-12-11 15:16:51.998493 INFO : aTRAM blast DB = "./lib/CA23CY05", query = "AHB_markers_A1e_2.fasta", iteration 1
( 1932362) 2023-12-11 15:16:51.998857 INFO : Blasting query against shards: iteration 1
( 1925058) 2023-12-11 15:12:51.164681 INFO : All 50 blast results completed
( 1925058) 2023-12-11 15:12:51.222445 INFO : 4116 blast hits in iteration 1
( 1925058) 2023-12-11 15:12:51.222486 INFO : Writing assembler input files: iteration 1
( 1925058) 2023-12-11 15:19:56.824099 INFO : Assembling shards with spades: iteration 1
( 1925058) 2023-12-11 15:20:04.715411 INFO : Saving assembled contigs: iteration 1
( 1925058) 2023-12-11 15:20:08.020293 INFO : Creating new query files: iteration 1
( 1925058) 2023-12-11 15:20:08.082596 INFO : All iterations completed
( 1925058) 2023-12-11 15:20:08.083236 INFO : Writing 2 filtered contigs after iteration 1
( 1925058) 2023-12-11 15:20:08.085221 INFO : 2 total contigs after iteration 1
( 1925058) 2023-12-11 15:20:08.240563 INFO : ################################################################################
( 1925058) 2023-12-11 15:20:08.240707 INFO : aTRAM version: v2.4.3
( 1925058) 2023-12-11 15:20:08.240739 INFO : Python version: 3.9.7 (default, Sep 16 2021, 13:09:58) [GCC 7.5.0]
( 1925058) 2023-12-11 15:20:08.240770 INFO : /opt/aTRAM/atram.py -b ./lib/CA23CY08 -Q /home/dryals/ryals/ahb/AHB_markers.fasta -i 1 --cpus 4 -a spades --length 100 --fraction 1.0 --log-file CA23CY08log -o ./out/CA23CY08 -t ./tmp --bit-score 100
( 1925058) 2023-12-11 15:20:08.240831 INFO : aTRAM blast DB = "./lib/CA23CY08", query = "AHB_markers_A1e_2.fasta", iteration 1
( 1925058) 2023-12-11 15:20:08.241225 INFO : Blasting query against shards: iteration 1
( 1932362) 2023-12-11 15:18:45.830798 INFO : All 50 blast results completed
( 1932362) 2023-12-11 15:18:45.832590 INFO : 2774 blast hits in iteration 1
( 1932362) 2023-12-11 15:18:45.832637 INFO : Writing assembler input files: iteration 1
( 1932362) 2023-12-11 15:20:02.363621 INFO : Assembling shards with spades: iteration 1
( 1932362) 2023-12-11 15:20:21.260195 INFO : Saving assembled contigs: iteration 1
( 1932362) 2023-12-11 15:20:21.866804 INFO : Creating new query files: iteration 1
( 1932362) 2023-12-11 15:20:21.923243 INFO : All iterations completed
( 1932362) 2023-12-11 15:20:21.923866 INFO : Writing 2 filtered contigs after iteration 1
( 1932362) 2023-12-11 15:20:21.925925 INFO : 2 total contigs after iteration 1
( 1932362) 2023-12-11 15:20:23.503986 INFO : ################################################################################
( 1932362) 2023-12-11 15:20:23.504082 INFO : aTRAM version: v2.4.3
( 1932362) 2023-12-11 15:20:23.504118 INFO : Python version: 3.9.7 (default, Sep 16 2021, 13:09:58) [GCC 7.5.0]
( 1932362) 2023-12-11 15:20:23.504149 INFO : /opt/aTRAM/atram.py -b ./lib/CA23CY05 -Q /home/dryals/ryals/ahb/AHB_markers.fasta -i 1 --cpus 4 -a spades --length 100 --fraction 1.0 --log-file CA23CY05log -o ./out/CA23CY05 -t ./tmp --bit-score 100
( 1932362) 2023-12-11 15:20:23.504229 INFO : aTRAM blast DB = "./lib/CA23CY05", query = "AHB_markers_M3_3.fasta", iteration 1
( 1932362) 2023-12-11 15:20:23.504690 INFO : Blasting query against shards: iteration 1
( 1925111) 2023-12-11 15:18:42.560749 INFO : All 50 blast results completed
( 1925111) 2023-12-11 15:18:42.562302 INFO : 3072 blast hits in iteration 1
( 1925111) 2023-12-11 15:18:42.562348 INFO : Writing assembler input files: iteration 1
( 1925111) 2023-12-11 15:20:19.485671 INFO : Assembling shards with spades: iteration 1
( 1925111) 2023-12-11 15:20:33.882465 INFO : Saving assembled contigs: iteration 1
( 1925111) 2023-12-11 15:20:35.281063 INFO : Creating new query files: iteration 1
( 1925111) 2023-12-11 15:20:35.333702 INFO : All iterations completed
( 1925111) 2023-12-11 15:20:35.334314 INFO : Writing 2 filtered contigs after iteration 1
( 1925111) 2023-12-11 15:20:35.336669 INFO : 2 total contigs after iteration 1
( 1925111) 2023-12-11 15:20:35.544528 INFO : ################################################################################
( 1925111) 2023-12-11 15:20:35.544565 INFO : aTRAM version: v2.4.3
( 1925111) 2023-12-11 15:20:35.544590 INFO : Python version: 3.9.7 (default, Sep 16 2021, 13:09:58) [GCC 7.5.0]
( 1925111) 2023-12-11 15:20:35.544612 INFO : /opt/aTRAM/atram.py -b ./lib/CA23CY04 -Q /home/dryals/ryals/ahb/AHB_markers.fasta -i 1 --cpus 4 -a spades --length 100 --fraction 1.0 --log-file CA23CY04log -o ./out/CA23CY04 -t ./tmp --bit-score 100
( 1925111) 2023-12-11 15:20:35.544658 INFO : aTRAM blast DB = "./lib/CA23CY04", query = "AHB_markers_O5_4.fasta", iteration 1
( 1925111) 2023-12-11 15:20:35.545015 INFO : Blasting query against shards: iteration 1
( 1924329) 2023-12-11 15:16:59.685751 INFO : All 50 blast results completed
( 1924329) 2023-12-11 15:16:59.688371 INFO : 2819 blast hits in iteration 1
( 1924329) 2023-12-11 15:16:59.688414 INFO : Writing assembler input files: iteration 1
( 1924329) 2023-12-11 15:20:22.116548 INFO : Assembling shards with spades: iteration 1
( 1924329) 2023-12-11 15:20:34.807199 INFO : Saving assembled contigs: iteration 1
( 1924329) 2023-12-11 15:20:35.836056 INFO : Creating new query files: iteration 1
( 1924329) 2023-12-11 15:20:35.907179 INFO : All iterations completed
( 1924329) 2023-12-11 15:20:35.907870 INFO : Writing 2 filtered contigs after iteration 1
( 1924329) 2023-12-11 15:20:35.910123 INFO : 2 total contigs after iteration 1
( 1924329) 2023-12-11 15:20:36.567246 INFO : ################################################################################
( 1924329) 2023-12-11 15:20:36.567399 INFO : aTRAM version: v2.4.3
( 1924329) 2023-12-11 15:20:36.567431 INFO : Python version: 3.9.7 (default, Sep 16 2021, 13:09:58) [GCC 7.5.0]
( 1924329) 2023-12-11 15:20:36.567457 INFO : /opt/aTRAM/atram.py -b ./lib/CA23CY06 -Q /home/dryals/ryals/ahb/AHB_markers.fasta -i 1 --cpus 4 -a spades --length 100 --fraction 1.0 --log-file CA23CY06log -o ./out/CA23CY06 -t ./tmp --bit-score 100
( 1924329) 2023-12-11 15:20:36.567509 INFO : aTRAM blast DB = "./lib/CA23CY06", query = "AHB_markers_M3_3.fasta", iteration 1
( 1924329) 2023-12-11 15:20:36.567887 INFO : Blasting query against shards: iteration 1
( 1925159) 2023-12-11 15:16:43.986750 INFO : All 50 blast results completed
( 1925159) 2023-12-11 15:16:43.989733 INFO : 2574 blast hits in iteration 1
( 1925159) 2023-12-11 15:16:43.989784 INFO : Writing assembler input files: iteration 1
( 1925159) 2023-12-11 15:20:32.152287 INFO : Assembling shards with spades: iteration 1
( 1925159) 2023-12-11 15:20:48.677924 INFO : Saving assembled contigs: iteration 1
( 1925159) 2023-12-11 15:20:50.646036 INFO : Creating new query files: iteration 1
( 1925159) 2023-12-11 15:20:50.720514 INFO : All iterations completed
( 1925159) 2023-12-11 15:20:50.721294 INFO : Writing 3 filtered contigs after iteration 1
( 1925159) 2023-12-11 15:20:50.723633 INFO : 3 total contigs after iteration 1
( 1925159) 2023-12-11 15:20:51.292209 INFO : ################################################################################
( 1925159) 2023-12-11 15:20:51.292413 INFO : aTRAM version: v2.4.3
( 1925159) 2023-12-11 15:20:51.292458 INFO : Python version: 3.9.7 (default, Sep 16 2021, 13:09:58) [GCC 7.5.0]
( 1925159) 2023-12-11 15:20:51.292491 INFO : /opt/aTRAM/atram.py -b ./lib/CA23CY07 -Q /home/dryals/ryals/ahb/AHB_markers.fasta -i 1 --cpus 4 -a spades --length 100 --fraction 1.0 --log-file CA23CY07log -o ./out/CA23CY07 -t ./tmp --bit-score 100
( 1925159) 2023-12-11 15:20:51.292565 INFO : aTRAM blast DB = "./lib/CA23CY07", query = "AHB_markers_M3_3.fasta", iteration 1
( 1925159) 2023-12-11 15:20:51.293068 INFO : Blasting query against shards: iteration 1
( 1932362) 2023-12-11 15:20:44.708624 INFO : All 50 blast results completed
( 1932362) 2023-12-11 15:20:44.709699 INFO : 2774 blast hits in iteration 1
( 1932362) 2023-12-11 15:20:44.709741 INFO : Writing assembler input files: iteration 1
( 1932362) 2023-12-11 15:20:44.827935 INFO : Assembling shards with spades: iteration 1
( 1932362) 2023-12-11 15:20:54.019656 INFO : Saving assembled contigs: iteration 1
( 1932362) 2023-12-11 15:20:55.097793 INFO : Creating new query files: iteration 1
( 1932362) 2023-12-11 15:20:55.162170 INFO : All iterations completed
( 1932362) 2023-12-11 15:20:55.162735 INFO : Writing 2 filtered contigs after iteration 1
( 1932362) 2023-12-11 15:20:55.164720 INFO : 2 total contigs after iteration 1
( 1932362) 2023-12-11 15:20:56.144357 INFO : ################################################################################
( 1932362) 2023-12-11 15:20:56.144428 INFO : aTRAM version: v2.4.3
( 1932362) 2023-12-11 15:20:56.144461 INFO : Python version: 3.9.7 (default, Sep 16 2021, 13:09:58) [GCC 7.5.0]
( 1932362) 2023-12-11 15:20:56.144491 INFO : /opt/aTRAM/atram.py -b ./lib/CA23CY05 -Q /home/dryals/ryals/ahb/AHB_markers.fasta -i 1 --cpus 4 -a spades --length 100 --fraction 1.0 --log-file CA23CY05log -o ./out/CA23CY05 -t ./tmp --bit-score 100
( 1932362) 2023-12-11 15:20:56.144559 INFO : aTRAM blast DB = "./lib/CA23CY05", query = "AHB_markers_O5_4.fasta", iteration 1
( 1932362) 2023-12-11 15:20:56.144998 INFO : Blasting query against shards: iteration 1
( 1932362) 2023-12-11 15:21:20.540735 INFO : All 50 blast results completed
( 1932362) 2023-12-11 15:21:20.541823 INFO : 2774 blast hits in iteration 1
( 1932362) 2023-12-11 15:21:20.541864 INFO : Writing assembler input files: iteration 1
( 1932362) 2023-12-11 15:21:20.650459 INFO : Assembling shards with spades: iteration 1
( 1932362) 2023-12-11 15:21:58.064816 INFO : Saving assembled contigs: iteration 1
( 1932362) 2023-12-11 15:22:00.386386 INFO : Creating new query files: iteration 1
( 1932362) 2023-12-11 15:22:00.440801 INFO : All iterations completed
( 1932362) 2023-12-11 15:22:00.441363 INFO : Writing 2 filtered contigs after iteration 1
( 1932362) 2023-12-11 15:22:00.443160 INFO : 2 total contigs after iteration 1
INFO:    fuse: warning: library too old, some operations may not work
INFO:    underlay of /etc/localtime required more than 50 (70) bind mounts


Building a new DB, current time: 12/11/2023 15:22:01
New DB name:   /scratch/negishi/dryals/ahb/fastq/CA23CY05/1f9cdac6-7d14-443b-862b-365009e39880/lib/blast_db
New DB title:  /home/dryals/ryals/ahb/AHB_markers.fasta
Sequence type: Nucleotide
Keep MBits: T
Maximum file size: 3000000000B
Adding sequences from FASTA; added 4 sequences in 1.74339 seconds.


INFO:    fuse: warning: library too old, some operations may not work
INFO:    underlay of /etc/localtime required more than 50 (70) bind mounts
INFO:    fuse: warning: library too old, some operations may not work
INFO:    underlay of /etc/localtime required more than 50 (70) bind mounts
INFO:    fuse: warning: library too old, some operations may not work
INFO:    underlay of /etc/localtime required more than 50 (70) bind mounts
INFO:    fuse: warning: library too old, some operations may not work
INFO:    underlay of /etc/localtime required more than 50 (70) bind mounts
Mon Dec 11 15:22:13 EST 2023
( 1924329) 2023-12-11 15:22:00.932253 INFO : All 50 blast results completed
( 1924329) 2023-12-11 15:22:00.933646 INFO : 2819 blast hits in iteration 1
( 1924329) 2023-12-11 15:22:00.933695 INFO : Writing assembler input files: iteration 1
( 1924329) 2023-12-11 15:22:01.031385 INFO : Assembling shards with spades: iteration 1
( 1924329) 2023-12-11 15:22:30.703213 INFO : Saving assembled contigs: iteration 1
( 1924329) 2023-12-11 15:22:33.062728 INFO : Creating new query files: iteration 1
( 1924329) 2023-12-11 15:22:33.161857 INFO : All iterations completed
( 1924329) 2023-12-11 15:22:33.162524 INFO : Writing 2 filtered contigs after iteration 1
( 1924329) 2023-12-11 15:22:33.164818 INFO : 2 total contigs after iteration 1
( 1924329) 2023-12-11 15:22:34.465381 INFO : ################################################################################
( 1924329) 2023-12-11 15:22:34.465571 INFO : aTRAM version: v2.4.3
( 1924329) 2023-12-11 15:22:34.465611 INFO : Python version: 3.9.7 (default, Sep 16 2021, 13:09:58) [GCC 7.5.0]
( 1924329) 2023-12-11 15:22:34.465637 INFO : /opt/aTRAM/atram.py -b ./lib/CA23CY06 -Q /home/dryals/ryals/ahb/AHB_markers.fasta -i 1 --cpus 4 -a spades --length 100 --fraction 1.0 --log-file CA23CY06log -o ./out/CA23CY06 -t ./tmp --bit-score 100
( 1924329) 2023-12-11 15:22:34.465706 INFO : aTRAM blast DB = "./lib/CA23CY06", query = "AHB_markers_O5_4.fasta", iteration 1
( 1924329) 2023-12-11 15:22:34.466139 INFO : Blasting query against shards: iteration 1
( 1925111) 2023-12-11 15:22:26.050469 INFO : All 50 blast results completed
( 1925111) 2023-12-11 15:22:26.051566 INFO : 3072 blast hits in iteration 1
( 1925111) 2023-12-11 15:22:26.051610 INFO : Writing assembler input files: iteration 1
( 1925111) 2023-12-11 15:22:26.146243 INFO : Assembling shards with spades: iteration 1
( 1925111) 2023-12-11 15:22:40.486954 INFO : Saving assembled contigs: iteration 1
( 1925111) 2023-12-11 15:22:43.174251 INFO : Creating new query files: iteration 1
( 1925111) 2023-12-11 15:22:43.236904 INFO : All iterations completed
( 1925111) 2023-12-11 15:22:43.237564 INFO : Writing 2 filtered contigs after iteration 1
( 1925111) 2023-12-11 15:22:43.240096 INFO : 2 total contigs after iteration 1
INFO:    fuse: warning: library too old, some operations may not work
INFO:    underlay of /etc/localtime required more than 50 (70) bind mounts


Building a new DB, current time: 12/11/2023 15:22:44
New DB name:   /scratch/negishi/dryals/ahb/fastq/CA23CY04/2f435c1a-21ed-4cc6-8ab7-78cca7b57226/lib/blast_db
New DB title:  /home/dryals/ryals/ahb/AHB_markers.fasta
Sequence type: Nucleotide
Keep MBits: T
Maximum file size: 3000000000B
Adding sequences from FASTA; added 4 sequences in 0.0708761 seconds.


INFO:    fuse: warning: library too old, some operations may not work
INFO:    underlay of /etc/localtime required more than 50 (70) bind mounts
INFO:    fuse: warning: library too old, some operations may not work
INFO:    underlay of /etc/localtime required more than 50 (70) bind mounts
INFO:    fuse: warning: library too old, some operations may not work
INFO:    underlay of /etc/localtime required more than 50 (70) bind mounts
INFO:    fuse: warning: library too old, some operations may not work
INFO:    underlay of /etc/localtime required more than 50 (70) bind mounts
Mon Dec 11 15:22:55 EST 2023
( 1925058) 2023-12-11 15:20:56.759900 INFO : All 50 blast results completed
( 1925058) 2023-12-11 15:20:56.761173 INFO : 3816 blast hits in iteration 1
( 1925058) 2023-12-11 15:20:56.761222 INFO : Writing assembler input files: iteration 1
( 1925058) 2023-12-11 15:26:51.482645 INFO : Assembling shards with spades: iteration 1
( 1925058) 2023-12-11 15:27:05.739100 INFO : Saving assembled contigs: iteration 1
( 1925058) 2023-12-11 15:27:08.273494 INFO : Creating new query files: iteration 1
( 1925058) 2023-12-11 15:27:08.335548 INFO : All iterations completed
( 1925058) 2023-12-11 15:27:08.336119 INFO : Writing 1 filtered contigs after iteration 1
( 1925058) 2023-12-11 15:27:08.338025 INFO : 1 total contigs after iteration 1
( 1925058) 2023-12-11 15:27:15.352956 INFO : ################################################################################
( 1925058) 2023-12-11 15:27:15.353144 INFO : aTRAM version: v2.4.3
( 1925058) 2023-12-11 15:27:15.353179 INFO : Python version: 3.9.7 (default, Sep 16 2021, 13:09:58) [GCC 7.5.0]
( 1925058) 2023-12-11 15:27:15.353206 INFO : /opt/aTRAM/atram.py -b ./lib/CA23CY08 -Q /home/dryals/ryals/ahb/AHB_markers.fasta -i 1 --cpus 4 -a spades --length 100 --fraction 1.0 --log-file CA23CY08log -o ./out/CA23CY08 -t ./tmp --bit-score 100
( 1925058) 2023-12-11 15:27:15.353268 INFO : aTRAM blast DB = "./lib/CA23CY08", query = "AHB_markers_M3_3.fasta", iteration 1
( 1925058) 2023-12-11 15:27:15.353657 INFO : Blasting query against shards: iteration 1
( 1925159) 2023-12-11 15:22:41.459825 INFO : All 50 blast results completed
( 1925159) 2023-12-11 15:22:41.462517 INFO : 2574 blast hits in iteration 1
( 1925159) 2023-12-11 15:22:41.462570 INFO : Writing assembler input files: iteration 1
( 1925159) 2023-12-11 15:26:59.081375 INFO : Assembling shards with spades: iteration 1
( 1925159) 2023-12-11 15:27:18.140803 INFO : Saving assembled contigs: iteration 1
( 1925159) 2023-12-11 15:27:24.042424 INFO : Creating new query files: iteration 1
( 1925159) 2023-12-11 15:27:24.106515 INFO : All iterations completed
( 1925159) 2023-12-11 15:27:24.107113 INFO : Writing 3 filtered contigs after iteration 1
( 1925159) 2023-12-11 15:27:24.109316 INFO : 3 total contigs after iteration 1
( 1925159) 2023-12-11 15:27:24.431985 INFO : ################################################################################
( 1925159) 2023-12-11 15:27:24.434877 INFO : aTRAM version: v2.4.3
( 1925159) 2023-12-11 15:27:24.434931 INFO : Python version: 3.9.7 (default, Sep 16 2021, 13:09:58) [GCC 7.5.0]
( 1925159) 2023-12-11 15:27:24.434971 INFO : /opt/aTRAM/atram.py -b ./lib/CA23CY07 -Q /home/dryals/ryals/ahb/AHB_markers.fasta -i 1 --cpus 4 -a spades --length 100 --fraction 1.0 --log-file CA23CY07log -o ./out/CA23CY07 -t ./tmp --bit-score 100
( 1925159) 2023-12-11 15:27:24.435048 INFO : aTRAM blast DB = "./lib/CA23CY07", query = "AHB_markers_O5_4.fasta", iteration 1
( 1925159) 2023-12-11 15:27:24.435599 INFO : Blasting query against shards: iteration 1
( 1924329) 2023-12-11 15:24:08.652097 INFO : All 50 blast results completed
( 1924329) 2023-12-11 15:24:08.653734 INFO : 2819 blast hits in iteration 1
( 1924329) 2023-12-11 15:24:08.653792 INFO : Writing assembler input files: iteration 1
( 1924329) 2023-12-11 15:27:27.997697 INFO : Assembling shards with spades: iteration 1
( 1924329) 2023-12-11 15:27:38.161631 INFO : Saving assembled contigs: iteration 1
( 1924329) 2023-12-11 15:27:44.906532 INFO : Creating new query files: iteration 1
( 1924329) 2023-12-11 15:27:44.975216 INFO : All iterations completed
( 1924329) 2023-12-11 15:27:44.975900 INFO : Writing 2 filtered contigs after iteration 1
( 1924329) 2023-12-11 15:27:44.978143 INFO : 2 total contigs after iteration 1
INFO:    fuse: warning: library too old, some operations may not work
INFO:    underlay of /etc/localtime required more than 50 (70) bind mounts


Building a new DB, current time: 12/11/2023 15:27:45
New DB name:   /scratch/negishi/dryals/ahb/fastq/CA23CY06/fd3fec1b-0853-47f6-86fe-d5cdd8e54f39/lib/blast_db
New DB title:  /home/dryals/ryals/ahb/AHB_markers.fasta
Sequence type: Nucleotide
Keep MBits: T
Maximum file size: 3000000000B
Adding sequences from FASTA; added 4 sequences in 0.069654 seconds.


INFO:    fuse: warning: library too old, some operations may not work
INFO:    underlay of /etc/localtime required more than 50 (70) bind mounts
INFO:    fuse: warning: library too old, some operations may not work
INFO:    underlay of /etc/localtime required more than 50 (70) bind mounts
INFO:    fuse: warning: library too old, some operations may not work
INFO:    underlay of /etc/localtime required more than 50 (70) bind mounts
INFO:    fuse: warning: library too old, some operations may not work
INFO:    underlay of /etc/localtime required more than 50 (70) bind mounts
Mon Dec 11 15:27:58 EST 2023
( 1908613) 2023-12-11 15:30:22.061735 INFO : Finished making all 50 blast DBs
INFO:    fuse: warning: library too old, some operations may not work
( 2001416) 2023-12-11 15:30:30.092011 INFO : ################################################################################
( 2001416) 2023-12-11 15:30:30.092550 INFO : aTRAM version: v2.4.3
( 2001416) 2023-12-11 15:30:30.092588 INFO : Python version: 3.9.7 (default, Sep 16 2021, 13:09:58) [GCC 7.5.0]
( 2001416) 2023-12-11 15:30:30.092609 INFO : /opt/aTRAM/atram.py -b ./lib/CA23CY02 -Q /home/dryals/ryals/ahb/AHB_markers.fasta -i 1 --cpus 4 -a spades --length 100 --fraction 1.0 --log-file CA23CY02log -o ./out/CA23CY02 -t ./tmp --bit-score 100
( 2001416) 2023-12-11 15:30:30.092656 INFO : aTRAM blast DB = "./lib/CA23CY02", query = "AHB_markers_C1_1.fasta", iteration 1
( 2001416) 2023-12-11 15:30:30.093062 INFO : Blasting query against shards: iteration 1
( 1925159) 2023-12-11 15:28:50.991180 INFO : All 50 blast results completed
( 1925159) 2023-12-11 15:28:50.992647 INFO : 2576 blast hits in iteration 1
( 1925159) 2023-12-11 15:28:50.992700 INFO : Writing assembler input files: iteration 1
( 1925159) 2023-12-11 15:31:04.601433 INFO : Assembling shards with spades: iteration 1
( 1925159) 2023-12-11 15:31:30.505598 INFO : Saving assembled contigs: iteration 1
( 1925159) 2023-12-11 15:31:31.328649 INFO : Creating new query files: iteration 1
( 1925159) 2023-12-11 15:31:31.385842 INFO : All iterations completed
( 1925159) 2023-12-11 15:31:31.386491 INFO : Writing 3 filtered contigs after iteration 1
( 1925159) 2023-12-11 15:31:31.388691 INFO : 3 total contigs after iteration 1
INFO:    fuse: warning: library too old, some operations may not work
INFO:    underlay of /etc/localtime required more than 50 (70) bind mounts


Building a new DB, current time: 12/11/2023 15:31:32
New DB name:   /scratch/negishi/dryals/ahb/fastq/CA23CY07/c8773c02-0197-46fd-a854-8d9331f0f049/lib/blast_db
New DB title:  /home/dryals/ryals/ahb/AHB_markers.fasta
Sequence type: Nucleotide
Keep MBits: T
Maximum file size: 3000000000B
Adding sequences from FASTA; added 4 sequences in 6.37344 seconds.


INFO:    fuse: warning: library too old, some operations may not work
INFO:    underlay of /etc/localtime required more than 50 (70) bind mounts
INFO:    fuse: warning: library too old, some operations may not work
INFO:    underlay of /etc/localtime required more than 50 (70) bind mounts
INFO:    fuse: warning: library too old, some operations may not work
INFO:    underlay of /etc/localtime required more than 50 (70) bind mounts
INFO:    fuse: warning: library too old, some operations may not work
INFO:    underlay of /etc/localtime required more than 50 (70) bind mounts
Mon Dec 11 15:31:49 EST 2023
( 1925058) 2023-12-11 15:30:05.307226 INFO : All 50 blast results completed
( 1925058) 2023-12-11 15:30:05.324625 INFO : 3797 blast hits in iteration 1
( 1925058) 2023-12-11 15:30:05.324668 INFO : Writing assembler input files: iteration 1
( 1925058) 2023-12-11 15:33:38.114876 INFO : Assembling shards with spades: iteration 1
( 1925058) 2023-12-11 15:33:52.573350 INFO : Saving assembled contigs: iteration 1
( 1925058) 2023-12-11 15:33:53.964016 INFO : Creating new query files: iteration 1
( 1925058) 2023-12-11 15:33:54.025621 INFO : All iterations completed
( 1925058) 2023-12-11 15:33:54.026190 INFO : Writing 1 filtered contigs after iteration 1
( 1925058) 2023-12-11 15:33:54.028060 INFO : 1 total contigs after iteration 1
( 1925058) 2023-12-11 15:33:54.396501 INFO : ################################################################################
( 1925058) 2023-12-11 15:33:54.396656 INFO : aTRAM version: v2.4.3
( 1925058) 2023-12-11 15:33:54.396688 INFO : Python version: 3.9.7 (default, Sep 16 2021, 13:09:58) [GCC 7.5.0]
( 1925058) 2023-12-11 15:33:54.396711 INFO : /opt/aTRAM/atram.py -b ./lib/CA23CY08 -Q /home/dryals/ryals/ahb/AHB_markers.fasta -i 1 --cpus 4 -a spades --length 100 --fraction 1.0 --log-file CA23CY08log -o ./out/CA23CY08 -t ./tmp --bit-score 100
( 1925058) 2023-12-11 15:33:54.396759 INFO : aTRAM blast DB = "./lib/CA23CY08", query = "AHB_markers_O5_4.fasta", iteration 1
( 1925058) 2023-12-11 15:33:54.397166 INFO : Blasting query against shards: iteration 1
( 1925058) 2023-12-11 15:34:57.074250 INFO : All 50 blast results completed
( 1925058) 2023-12-11 15:34:57.075336 INFO : 3797 blast hits in iteration 1
( 1925058) 2023-12-11 15:34:57.075380 INFO : Writing assembler input files: iteration 1
( 1925058) 2023-12-11 15:37:03.404199 INFO : Assembling shards with spades: iteration 1
( 1925058) 2023-12-11 15:37:27.854579 INFO : Saving assembled contigs: iteration 1
( 1925058) 2023-12-11 15:37:35.670261 INFO : Creating new query files: iteration 1
( 1925058) 2023-12-11 15:37:35.724167 INFO : All iterations completed
( 1925058) 2023-12-11 15:37:35.724697 INFO : Writing 1 filtered contigs after iteration 1
( 1925058) 2023-12-11 15:37:35.726496 INFO : 1 total contigs after iteration 1
INFO:    fuse: warning: library too old, some operations may not work
INFO:    underlay of /etc/localtime required more than 50 (70) bind mounts


Building a new DB, current time: 12/11/2023 15:37:36
New DB name:   /scratch/negishi/dryals/ahb/fastq/CA23CY08/1d9661d4-6fcc-444f-9733-a707586040cb/lib/blast_db
New DB title:  /home/dryals/ryals/ahb/AHB_markers.fasta
Sequence type: Nucleotide
Keep MBits: T
Maximum file size: 3000000000B
Adding sequences from FASTA; added 4 sequences in 0.071424 seconds.


INFO:    fuse: warning: library too old, some operations may not work
INFO:    underlay of /etc/localtime required more than 50 (70) bind mounts
INFO:    fuse: warning: library too old, some operations may not work
INFO:    underlay of /etc/localtime required more than 50 (70) bind mounts
INFO:    fuse: warning: library too old, some operations may not work
INFO:    underlay of /etc/localtime required more than 50 (70) bind mounts
( 2001416) 2023-12-11 15:34:25.540920 INFO : All 50 blast results completed
( 2001416) 2023-12-11 15:34:25.602007 INFO : 2539 blast hits in iteration 1
( 2001416) 2023-12-11 15:34:25.602086 INFO : Writing assembler input files: iteration 1
( 2001416) 2023-12-11 15:37:21.759421 INFO : Assembling shards with spades: iteration 1
( 2001416) 2023-12-11 15:37:38.453649 INFO : Saving assembled contigs: iteration 1
( 2001416) 2023-12-11 15:37:42.391035 INFO : Creating new query files: iteration 1
( 2001416) 2023-12-11 15:37:42.445815 INFO : All iterations completed
( 2001416) 2023-12-11 15:37:42.446560 INFO : Writing 3 filtered contigs after iteration 1
( 2001416) 2023-12-11 15:37:42.448635 INFO : 4 total contigs after iteration 1
( 2001416) 2023-12-11 15:37:43.781210 INFO : ################################################################################
( 2001416) 2023-12-11 15:37:43.781304 INFO : aTRAM version: v2.4.3
( 2001416) 2023-12-11 15:37:43.781333 INFO : Python version: 3.9.7 (default, Sep 16 2021, 13:09:58) [GCC 7.5.0]
( 2001416) 2023-12-11 15:37:43.781354 INFO : /opt/aTRAM/atram.py -b ./lib/CA23CY02 -Q /home/dryals/ryals/ahb/AHB_markers.fasta -i 1 --cpus 4 -a spades --length 100 --fraction 1.0 --log-file CA23CY02log -o ./out/CA23CY02 -t ./tmp --bit-score 100
( 2001416) 2023-12-11 15:37:43.781409 INFO : aTRAM blast DB = "./lib/CA23CY02", query = "AHB_markers_A1e_2.fasta", iteration 1
( 2001416) 2023-12-11 15:37:43.781803 INFO : Blasting query against shards: iteration 1
INFO:    fuse: warning: library too old, some operations may not work
INFO:    underlay of /etc/localtime required more than 50 (70) bind mounts
Mon Dec 11 15:37:46 EST 2023
( 1908604) 2023-12-11 15:40:15.383984 INFO : Finished making all 50 blast DBs
INFO:    fuse: warning: library too old, some operations may not work
( 2017670) 2023-12-11 15:40:16.903994 INFO : ################################################################################
( 2017670) 2023-12-11 15:40:16.904390 INFO : aTRAM version: v2.4.3
( 2017670) 2023-12-11 15:40:16.904421 INFO : Python version: 3.9.7 (default, Sep 16 2021, 13:09:58) [GCC 7.5.0]
( 2017670) 2023-12-11 15:40:16.904441 INFO : /opt/aTRAM/atram.py -b ./lib/CA23CY01 -Q /home/dryals/ryals/ahb/AHB_markers.fasta -i 1 --cpus 4 -a spades --length 100 --fraction 1.0 --log-file CA23CY01log -o ./out/CA23CY01 -t ./tmp --bit-score 100
( 2017670) 2023-12-11 15:40:16.904473 INFO : aTRAM blast DB = "./lib/CA23CY01", query = "AHB_markers_C1_1.fasta", iteration 1
( 2017670) 2023-12-11 15:40:16.904782 INFO : Blasting query against shards: iteration 1
( 2001416) 2023-12-11 15:41:01.503802 INFO : All 50 blast results completed
( 2001416) 2023-12-11 15:41:01.518708 INFO : 2527 blast hits in iteration 1
( 2001416) 2023-12-11 15:41:01.518802 INFO : Writing assembler input files: iteration 1
( 2001416) 2023-12-11 15:44:02.190340 INFO : Assembling shards with spades: iteration 1
( 2001416) 2023-12-11 15:44:27.444128 INFO : Saving assembled contigs: iteration 1
( 2001416) 2023-12-11 15:44:28.024545 INFO : Creating new query files: iteration 1
( 2001416) 2023-12-11 15:44:28.079611 INFO : All iterations completed
( 2001416) 2023-12-11 15:44:28.080239 INFO : Writing 3 filtered contigs after iteration 1
( 2001416) 2023-12-11 15:44:28.082238 INFO : 4 total contigs after iteration 1
( 2001416) 2023-12-11 15:44:28.631965 INFO : ################################################################################
( 2001416) 2023-12-11 15:44:28.632044 INFO : aTRAM version: v2.4.3
( 2001416) 2023-12-11 15:44:28.632078 INFO : Python version: 3.9.7 (default, Sep 16 2021, 13:09:58) [GCC 7.5.0]
( 2001416) 2023-12-11 15:44:28.632113 INFO : /opt/aTRAM/atram.py -b ./lib/CA23CY02 -Q /home/dryals/ryals/ahb/AHB_markers.fasta -i 1 --cpus 4 -a spades --length 100 --fraction 1.0 --log-file CA23CY02log -o ./out/CA23CY02 -t ./tmp --bit-score 100
( 2001416) 2023-12-11 15:44:28.632188 INFO : aTRAM blast DB = "./lib/CA23CY02", query = "AHB_markers_M3_3.fasta", iteration 1
( 2001416) 2023-12-11 15:44:28.632617 INFO : Blasting query against shards: iteration 1
( 2001416) 2023-12-11 15:45:40.916294 INFO : All 50 blast results completed
( 2001416) 2023-12-11 15:45:40.917472 INFO : 2506 blast hits in iteration 1
( 2001416) 2023-12-11 15:45:40.917518 INFO : Writing assembler input files: iteration 1
( 2001416) 2023-12-11 15:45:41.052545 INFO : Assembling shards with spades: iteration 1
( 2001416) 2023-12-11 15:46:14.844706 INFO : Saving assembled contigs: iteration 1
( 2001416) 2023-12-11 15:46:15.914818 INFO : Creating new query files: iteration 1
( 2001416) 2023-12-11 15:46:15.970294 INFO : All iterations completed
( 2001416) 2023-12-11 15:46:15.970855 INFO : Writing 3 filtered contigs after iteration 1
( 2001416) 2023-12-11 15:46:15.974055 INFO : 4 total contigs after iteration 1
( 2001416) 2023-12-11 15:46:17.302051 INFO : ################################################################################
( 2001416) 2023-12-11 15:46:17.302095 INFO : aTRAM version: v2.4.3
( 2001416) 2023-12-11 15:46:17.302121 INFO : Python version: 3.9.7 (default, Sep 16 2021, 13:09:58) [GCC 7.5.0]
( 2001416) 2023-12-11 15:46:17.302143 INFO : /opt/aTRAM/atram.py -b ./lib/CA23CY02 -Q /home/dryals/ryals/ahb/AHB_markers.fasta -i 1 --cpus 4 -a spades --length 100 --fraction 1.0 --log-file CA23CY02log -o ./out/CA23CY02 -t ./tmp --bit-score 100
( 2001416) 2023-12-11 15:46:17.302189 INFO : aTRAM blast DB = "./lib/CA23CY02", query = "AHB_markers_O5_4.fasta", iteration 1
( 2001416) 2023-12-11 15:46:17.302550 INFO : Blasting query against shards: iteration 1
( 2001416) 2023-12-11 15:46:50.151171 INFO : All 50 blast results completed
( 2001416) 2023-12-11 15:46:50.152173 INFO : 2506 blast hits in iteration 1
( 2001416) 2023-12-11 15:46:50.152212 INFO : Writing assembler input files: iteration 1
( 2001416) 2023-12-11 15:46:50.274649 INFO : Assembling shards with spades: iteration 1
( 2001416) 2023-12-11 15:47:04.665752 INFO : Saving assembled contigs: iteration 1
( 2001416) 2023-12-11 15:47:05.909304 INFO : Creating new query files: iteration 1
( 2001416) 2023-12-11 15:47:05.964841 INFO : All iterations completed
( 2001416) 2023-12-11 15:47:05.965430 INFO : Writing 3 filtered contigs after iteration 1
( 2001416) 2023-12-11 15:47:05.967448 INFO : 4 total contigs after iteration 1
INFO:    fuse: warning: library too old, some operations may not work
INFO:    underlay of /etc/localtime required more than 50 (70) bind mounts


Building a new DB, current time: 12/11/2023 15:47:06
New DB name:   /scratch/negishi/dryals/ahb/fastq/CA23CY02/B4620C/lib/blast_db
New DB title:  /home/dryals/ryals/ahb/AHB_markers.fasta
Sequence type: Nucleotide
Keep MBits: T
Maximum file size: 3000000000B
Adding sequences from FASTA; added 4 sequences in 0.07844 seconds.


INFO:    fuse: warning: library too old, some operations may not work
INFO:    underlay of /etc/localtime required more than 50 (70) bind mounts
INFO:    fuse: warning: library too old, some operations may not work
INFO:    underlay of /etc/localtime required more than 50 (70) bind mounts
INFO:    fuse: warning: library too old, some operations may not work
INFO:    underlay of /etc/localtime required more than 50 (70) bind mounts
INFO:    fuse: warning: library too old, some operations may not work
INFO:    underlay of /etc/localtime required more than 50 (70) bind mounts
Mon Dec 11 15:47:17 EST 2023
( 2017670) 2023-12-11 15:45:15.433577 INFO : All 50 blast results completed
( 2017670) 2023-12-11 15:45:15.436311 INFO : 26464 blast hits in iteration 1
( 2017670) 2023-12-11 15:45:15.436351 INFO : Writing assembler input files: iteration 1
( 2017670) 2023-12-11 16:33:37.053025 INFO : Assembling shards with spades: iteration 1
( 2017670) 2023-12-11 16:33:56.855184 INFO : Saving assembled contigs: iteration 1
( 2017670) 2023-12-11 16:33:58.024302 INFO : Creating new query files: iteration 1
( 2017670) 2023-12-11 16:33:58.093765 INFO : All iterations completed
( 2017670) 2023-12-11 16:33:58.094377 INFO : Writing 1 filtered contigs after iteration 1
( 2017670) 2023-12-11 16:33:58.096716 INFO : 1 total contigs after iteration 1
( 2017670) 2023-12-11 16:33:58.537048 INFO : ################################################################################
( 2017670) 2023-12-11 16:33:58.537195 INFO : aTRAM version: v2.4.3
( 2017670) 2023-12-11 16:33:58.537225 INFO : Python version: 3.9.7 (default, Sep 16 2021, 13:09:58) [GCC 7.5.0]
( 2017670) 2023-12-11 16:33:58.537247 INFO : /opt/aTRAM/atram.py -b ./lib/CA23CY01 -Q /home/dryals/ryals/ahb/AHB_markers.fasta -i 1 --cpus 4 -a spades --length 100 --fraction 1.0 --log-file CA23CY01log -o ./out/CA23CY01 -t ./tmp --bit-score 100
( 2017670) 2023-12-11 16:33:58.537289 INFO : aTRAM blast DB = "./lib/CA23CY01", query = "AHB_markers_A1e_2.fasta", iteration 1
( 2017670) 2023-12-11 16:33:58.537705 INFO : Blasting query against shards: iteration 1
( 2017670) 2023-12-11 16:39:25.830636 INFO : All 50 blast results completed
( 2017670) 2023-12-11 16:39:25.833393 INFO : 26289 blast hits in iteration 1
( 2017670) 2023-12-11 16:39:25.833431 INFO : Writing assembler input files: iteration 1
( 2017670) 2023-12-11 16:39:59.760425 INFO : Assembling shards with spades: iteration 1
( 2017670) 2023-12-11 16:40:33.973779 INFO : Saving assembled contigs: iteration 1
( 2017670) 2023-12-11 16:40:44.148317 INFO : Creating new query files: iteration 1
( 2017670) 2023-12-11 16:40:45.467857 INFO : All iterations completed
( 2017670) 2023-12-11 16:40:45.468977 INFO : Writing 1 filtered contigs after iteration 1
( 2017670) 2023-12-11 16:40:45.471284 INFO : 1 total contigs after iteration 1
( 2017670) 2023-12-11 16:40:54.655021 INFO : ################################################################################
( 2017670) 2023-12-11 16:40:54.655186 INFO : aTRAM version: v2.4.3
( 2017670) 2023-12-11 16:40:54.655220 INFO : Python version: 3.9.7 (default, Sep 16 2021, 13:09:58) [GCC 7.5.0]
( 2017670) 2023-12-11 16:40:54.655244 INFO : /opt/aTRAM/atram.py -b ./lib/CA23CY01 -Q /home/dryals/ryals/ahb/AHB_markers.fasta -i 1 --cpus 4 -a spades --length 100 --fraction 1.0 --log-file CA23CY01log -o ./out/CA23CY01 -t ./tmp --bit-score 100
( 2017670) 2023-12-11 16:40:54.655297 INFO : aTRAM blast DB = "./lib/CA23CY01", query = "AHB_markers_M3_3.fasta", iteration 1
( 2017670) 2023-12-11 16:40:54.655678 INFO : Blasting query against shards: iteration 1
( 2017670) 2023-12-11 16:42:10.715217 INFO : All 50 blast results completed
( 2017670) 2023-12-11 16:42:10.717855 INFO : 26001 blast hits in iteration 1
( 2017670) 2023-12-11 16:42:10.717894 INFO : Writing assembler input files: iteration 1
( 2017670) 2023-12-11 16:42:11.441535 INFO : Assembling shards with spades: iteration 1
( 2017670) 2023-12-11 16:42:38.796240 INFO : Saving assembled contigs: iteration 1
( 2017670) 2023-12-11 16:42:39.347193 INFO : Creating new query files: iteration 1
( 2017670) 2023-12-11 16:42:39.413326 INFO : All iterations completed
( 2017670) 2023-12-11 16:42:39.413922 INFO : Writing 1 filtered contigs after iteration 1
( 2017670) 2023-12-11 16:42:39.416082 INFO : 1 total contigs after iteration 1
( 2017670) 2023-12-11 16:42:44.677019 INFO : ################################################################################
( 2017670) 2023-12-11 16:42:44.677186 INFO : aTRAM version: v2.4.3
( 2017670) 2023-12-11 16:42:44.677219 INFO : Python version: 3.9.7 (default, Sep 16 2021, 13:09:58) [GCC 7.5.0]
( 2017670) 2023-12-11 16:42:44.677241 INFO : /opt/aTRAM/atram.py -b ./lib/CA23CY01 -Q /home/dryals/ryals/ahb/AHB_markers.fasta -i 1 --cpus 4 -a spades --length 100 --fraction 1.0 --log-file CA23CY01log -o ./out/CA23CY01 -t ./tmp --bit-score 100
( 2017670) 2023-12-11 16:42:44.677293 INFO : aTRAM blast DB = "./lib/CA23CY01", query = "AHB_markers_O5_4.fasta", iteration 1
( 2017670) 2023-12-11 16:42:44.677638 INFO : Blasting query against shards: iteration 1
( 2017670) 2023-12-11 16:43:00.106553 INFO : All 50 blast results completed
( 2017670) 2023-12-11 16:43:00.109098 INFO : 26001 blast hits in iteration 1
( 2017670) 2023-12-11 16:43:00.109138 INFO : Writing assembler input files: iteration 1
( 2017670) 2023-12-11 16:43:00.831780 INFO : Assembling shards with spades: iteration 1
( 2017670) 2023-12-11 16:43:19.726045 INFO : Saving assembled contigs: iteration 1
( 2017670) 2023-12-11 16:43:24.652124 INFO : Creating new query files: iteration 1
( 2017670) 2023-12-11 16:43:24.724955 INFO : All iterations completed
( 2017670) 2023-12-11 16:43:24.725531 INFO : Writing 1 filtered contigs after iteration 1
( 2017670) 2023-12-11 16:43:24.727608 INFO : 1 total contigs after iteration 1
INFO:    fuse: warning: library too old, some operations may not work
INFO:    underlay of /etc/localtime required more than 50 (70) bind mounts


Building a new DB, current time: 12/11/2023 16:43:25
New DB name:   /scratch/negishi/dryals/ahb/fastq/CA23CY01/R35/lib/blast_db
New DB title:  /home/dryals/ryals/ahb/AHB_markers.fasta
Sequence type: Nucleotide
Keep MBits: T
Maximum file size: 3000000000B
Adding sequences from FASTA; added 4 sequences in 0.0705199 seconds.


INFO:    fuse: warning: library too old, some operations may not work
INFO:    underlay of /etc/localtime required more than 50 (70) bind mounts
INFO:    fuse: warning: library too old, some operations may not work
INFO:    underlay of /etc/localtime required more than 50 (70) bind mounts
INFO:    fuse: warning: library too old, some operations may not work
INFO:    underlay of /etc/localtime required more than 50 (70) bind mounts
INFO:    fuse: warning: library too old, some operations may not work
INFO:    underlay of /etc/localtime required more than 50 (70) bind mounts
Mon Dec 11 16:43:37 EST 2023
