Wed Mar 13 14:07:41 EDT 2024
This software stack is maintained by the Purdue Bioinformatics Core. Please
direct inquiries regarding Bioinformatics software to bioinformatics@purdue.edu 
merging samples and references...
Lines   total/split/realigned/skipped:	1611/0/0/0
  indexing...
compiling Ia results...
Calculated Ia for 153 sites
plink: filter whole file for AIMs ...
starting admix...
Submitted batch job 32188494

Attaching package: ‘dplyr’

The following objects are masked from ‘package:stats’:

    filter, lag

The following objects are masked from ‘package:base’:

    intersect, setdiff, setequal, union

Joining, by = "id"
Submitted batch job 32188496
plink: generate PCA...
Warning: This run includes BLAS/LAPACK linear algebra operations which
currently disregard the --threads limit.  If this is problematic, you may want
to recompile against single-threaded BLAS/LAPACK.
Warning: calculating 289 PCs, since there are only 289 samples.
Warning: This run includes BLAS/LAPACK linear algebra operations which
currently disregard the --threads limit.  If this is problematic, you may want
to recompile against single-threaded BLAS/LAPACK.
Warning: calculating 363 PCs, since there are only 363 samples.
my work here is done
Wed Mar 13 14:07:56 EDT 2024
